2026-02-25 14:52:01 [background-preinit] INFO  o.h.validator.internal.util.Version [REQ:] - HV000001: Hibernate Validator 8.0.1.Final
2026-02-25 14:52:01 [main] INFO  c.J.J.JobSchedulingProjectApplicationTests [REQ:] - Starting JobSchedulingProjectApplicationTests using Java 17.0.12 with PID 36616 (started by pulkit.bohra.in in C:\Users\pulkit.bohra.in\Desktop\JobSchedulingProject\JobSchedulingProject)
2026-02-25 14:52:01 [main] INFO  c.J.J.JobSchedulingProjectApplicationTests [REQ:] - No active profile set, falling back to 1 default profile: "default"
2026-02-25 14:52:03 [main] INFO  o.h.jpa.internal.util.LogHelper [REQ:] - HHH000204: Processing PersistenceUnitInfo [name: default]
2026-02-25 14:52:03 [main] INFO  org.hibernate.Version [REQ:] - HHH000412: Hibernate ORM core version 6.4.4.Final
2026-02-25 14:52:03 [main] INFO  o.h.c.i.RegionFactoryInitiator [REQ:] - HHH000026: Second-level cache disabled
2026-02-25 14:52:03 [main] INFO  com.zaxxer.hikari.HikariDataSource [REQ:] - HikariPool-1 - Starting...
2026-02-25 14:52:04 [main] INFO  com.zaxxer.hikari.pool.HikariPool [REQ:] - HikariPool-1 - Added connection com.mysql.cj.jdbc.ConnectionImpl@34b2d51a
2026-02-25 14:52:04 [main] INFO  com.zaxxer.hikari.HikariDataSource [REQ:] - HikariPool-1 - Start completed.
2026-02-25 14:52:05 [main] INFO  o.h.e.t.j.p.i.JtaPlatformInitiator [REQ:] - HHH000489: No JTA platform available (set 'hibernate.transaction.jta.platform' to enable JTA platform integration)
2026-02-25 14:52:06 [main] INFO  c.J.J.JobSchedulingProjectApplicationTests [REQ:] - Started JobSchedulingProjectApplicationTests in 5.676 seconds (process running for 6.865)
2026-02-25 14:52:07 [SpringApplicationShutdownHook] INFO  com.zaxxer.hikari.HikariDataSource [REQ:] - HikariPool-1 - Shutdown initiated...
2026-02-25 14:52:07 [SpringApplicationShutdownHook] INFO  com.zaxxer.hikari.HikariDataSource [REQ:] - HikariPool-1 - Shutdown completed.
2026-02-25 15:51:13 [background-preinit] INFO  o.h.validator.internal.util.Version [REQ:] - HV000001: Hibernate Validator 8.0.1.Final
2026-02-25 15:51:13 [main] INFO  c.J.J.JobSchedulingProjectApplicationTests [REQ:] - Starting JobSchedulingProjectApplicationTests using Java 17.0.12 with PID 20088 (started by pulkit.bohra.in in C:\Users\pulkit.bohra.in\Desktop\JobSchedulingProject\JobSchedulingProject)
2026-02-25 15:51:13 [main] INFO  c.J.J.JobSchedulingProjectApplicationTests [REQ:] - No active profile set, falling back to 1 default profile: "default"
2026-02-25 15:51:15 [main] INFO  o.h.jpa.internal.util.LogHelper [REQ:] - HHH000204: Processing PersistenceUnitInfo [name: default]
2026-02-25 15:51:15 [main] INFO  org.hibernate.Version [REQ:] - HHH000412: Hibernate ORM core version 6.4.4.Final
2026-02-25 15:51:15 [main] INFO  o.h.c.i.RegionFactoryInitiator [REQ:] - HHH000026: Second-level cache disabled
2026-02-25 15:51:15 [main] INFO  com.zaxxer.hikari.HikariDataSource [REQ:] - HikariPool-1 - Starting...
2026-02-25 15:51:16 [main] INFO  com.zaxxer.hikari.pool.HikariPool [REQ:] - HikariPool-1 - Added connection com.mysql.cj.jdbc.ConnectionImpl@34b2d51a
2026-02-25 15:51:16 [main] INFO  com.zaxxer.hikari.HikariDataSource [REQ:] - HikariPool-1 - Start completed.
2026-02-25 15:51:17 [main] INFO  o.h.e.t.j.p.i.JtaPlatformInitiator [REQ:] - HHH000489: No JTA platform available (set 'hibernate.transaction.jta.platform' to enable JTA platform integration)
2026-02-25 15:51:18 [main] INFO  c.J.J.JobSchedulingProjectApplicationTests [REQ:] - Started JobSchedulingProjectApplicationTests in 5.492 seconds (process running for 6.788)
2026-02-25 15:51:19 [SpringApplicationShutdownHook] INFO  com.zaxxer.hikari.HikariDataSource [REQ:] - HikariPool-1 - Shutdown initiated...
2026-02-25 15:51:19 [SpringApplicationShutdownHook] INFO  com.zaxxer.hikari.HikariDataSource [REQ:] - HikariPool-1 - Shutdown completed.
