2026-03-10 16:07:31 [background-preinit] INFO  o.h.validator.internal.util.Version [REQ:] - HV000001: Hibernate Validator 8.0.1.Final
2026-03-10 16:07:31 [restartedMain] INFO  c.J.J.JobSchedulingProjectApplication [REQ:] - Starting JobSchedulingProjectApplication using Java 17.0.12 with PID 29740 (C:\Users\pulkit.bohra.in\Desktop\JobSchedulingProject\JobSchedulingProject\target\classes started by pulkit.bohra.in in C:\Users\pulkit.bohra.in\Desktop\JobSchedulingProject)
2026-03-10 16:07:31 [restartedMain] INFO  c.J.J.JobSchedulingProjectApplication [REQ:] - No active profile set, falling back to 1 default profile: "default"
2026-03-10 16:07:34 [restartedMain] INFO  o.a.coyote.http11.Http11NioProtocol [REQ:] - Initializing ProtocolHandler ["http-nio-8080"]
2026-03-10 16:07:34 [restartedMain] INFO  o.a.catalina.core.StandardService [REQ:] - Starting service [Tomcat]
2026-03-10 16:07:34 [restartedMain] INFO  o.a.catalina.core.StandardEngine [REQ:] - Starting Servlet engine: [Apache Tomcat/10.1.20]
2026-03-10 16:07:34 [restartedMain] INFO  o.a.c.c.C.[Tomcat].[localhost].[/] [REQ:] - Initializing Spring embedded WebApplicationContext
2026-03-10 16:07:34 [restartedMain] INFO  o.h.jpa.internal.util.LogHelper [REQ:] - HHH000204: Processing PersistenceUnitInfo [name: default]
2026-03-10 16:07:34 [restartedMain] INFO  org.hibernate.Version [REQ:] - HHH000412: Hibernate ORM core version 6.4.4.Final
2026-03-10 16:07:34 [restartedMain] INFO  o.h.c.i.RegionFactoryInitiator [REQ:] - HHH000026: Second-level cache disabled
2026-03-10 16:07:35 [restartedMain] INFO  com.zaxxer.hikari.HikariDataSource [REQ:] - HikariPool-1 - Starting...
2026-03-10 16:07:35 [restartedMain] INFO  com.zaxxer.hikari.pool.HikariPool [REQ:] - HikariPool-1 - Added connection com.mysql.cj.jdbc.ConnectionImpl@7d5ecd19
2026-03-10 16:07:35 [restartedMain] INFO  com.zaxxer.hikari.HikariDataSource [REQ:] - HikariPool-1 - Start completed.
2026-03-10 16:07:37 [restartedMain] INFO  o.h.e.t.j.p.i.JtaPlatformInitiator [REQ:] - HHH000489: No JTA platform available (set 'hibernate.transaction.jta.platform' to enable JTA platform integration)
2026-03-10 16:07:38 [restartedMain] INFO  o.a.coyote.http11.Http11NioProtocol [REQ:] - Starting ProtocolHandler ["http-nio-8080"]
2026-03-10 16:07:38 [restartedMain] INFO  c.J.J.JobSchedulingProjectApplication [REQ:] - Started JobSchedulingProjectApplication in 7.325 seconds (process running for 8.292)
2026-03-10 16:07:38 [scheduling-1] INFO  c.J.J.service.JobScanner [REQ:] - Cron Job Started
2026-03-10 16:07:38 [scheduling-1] INFO  c.J.J.service.JobScanner [REQ:] - Webhook URL: https://chat.googleapis.com/v1/spaces/AAQAwBis3lE/messages?key=AIzaSyDdI0hCZtE6vySjMm-WEfRq3CPzqKqqsHI&token=R9AoxRqZ-taUFkSAQpK_3O7ekgNVGLmIaRgX4KDMqqQ
2026-03-10 16:07:40 [scheduling-1] INFO  c.J.J.service.JobScanner [REQ:] - Job 3 executed
2026-03-10 16:07:40 [scheduling-1] INFO  c.J.J.service.JobScanner [REQ:] - Cron Job Completed
2026-03-10 16:07:40 [scheduling-1] INFO  c.J.J.service.JobScanner [REQ:] - Webhook URL: https://chat.googleapis.com/v1/spaces/AAQAwBis3lE/messages?key=AIzaSyDdI0hCZtE6vySjMm-WEfRq3CPzqKqqsHI&token=R9AoxRqZ-taUFkSAQpK_3O7ekgNVGLmIaRgX4KDMqqQ
2026-03-10 16:07:41 [scheduling-1] INFO  c.J.J.service.JobScanner [REQ:] - Job 4 executed
2026-03-10 16:07:41 [scheduling-1] INFO  c.J.J.service.JobScanner [REQ:] - Cron Job Completed
2026-03-10 16:07:41 [scheduling-1] INFO  c.J.J.service.JobScanner [REQ:] - Webhook URL: https://chat.googleapis.com/v1/spaces/AAQAwBis3lE/messages?key=AIzaSyDdI0hCZtE6vySjMm-WEfRq3CPzqKqqsHI&token=R9AoxRqZ-taUFkSAQpK_3O7ekgNVGLmIaRgX4KDMqq
2026-03-10 16:07:42 [scheduling-1] ERROR c.J.J.service.JobScanner [REQ:] - Job 5 failed
org.springframework.web.client.HttpClientErrorException$BadRequest: 400 Bad Request: "{<EOL>  "error": {<EOL>    "code": 400,<EOL>    "message": "Missing or malformed token in the request. The token can be obtained from incoming webhook configuration screen.",<EOL>    "status": "INVALID_ARGUMENT"<EOL>  }<EOL>}<EOL>"
	at org.springframework.web.client.HttpClientErrorException.create(HttpClientErrorException.java:103)
	at org.springframework.web.client.DefaultResponseErrorHandler.handleError(DefaultResponseErrorHandler.java:183)
	at org.springframework.web.client.DefaultResponseErrorHandler.handleError(DefaultResponseErrorHandler.java:137)
	at org.springframework.web.client.ResponseErrorHandler.handleError(ResponseErrorHandler.java:63)
	at org.springframework.web.client.RestTemplate.handleResponse(RestTemplate.java:942)
	at org.springframework.web.client.RestTemplate.doExecute(RestTemplate.java:891)
	at org.springframework.web.client.RestTemplate.execute(RestTemplate.java:790)
	at org.springframework.web.client.RestTemplate.postForObject(RestTemplate.java:507)
	at com.JobSchedulingNotification.JobSchedulingProject.service.WebHookService.send(WebHookService.java:24)
	at com.JobSchedulingNotification.JobSchedulingProject.service.JobScanner.scanAndExecute(JobScanner.java:43)
	at java.base/jdk.internal.reflect.NativeMethodAccessorImpl.invoke0(Native Method)
	at java.base/jdk.internal.reflect.NativeMethodAccessorImpl.invoke(NativeMethodAccessorImpl.java:77)
	at java.base/jdk.internal.reflect.DelegatingMethodAccessorImpl.invoke(DelegatingMethodAccessorImpl.java:43)
	at java.base/java.lang.reflect.Method.invoke(Method.java:568)
	at org.springframework.aop.support.AopUtils.invokeJoinpointUsingReflection(AopUtils.java:354)
	at org.springframework.aop.framework.ReflectiveMethodInvocation.invokeJoinpoint(ReflectiveMethodInvocation.java:196)
	at org.springframework.aop.framework.ReflectiveMethodInvocation.proceed(ReflectiveMethodInvocation.java:163)
	at org.springframework.aop.framework.CglibAopProxy$CglibMethodInvocation.proceed(CglibAopProxy.java:768)
	at net.javacrumbs.shedlock.core.DefaultLockingTaskExecutor.executeWithLock(DefaultLockingTaskExecutor.java:70)
	at net.javacrumbs.shedlock.spring.aop.MethodProxyScheduledLockAdvisor$LockingInterceptor.invoke(MethodProxyScheduledLockAdvisor.java:79)
	at org.springframework.aop.framework.ReflectiveMethodInvocation.proceed(ReflectiveMethodInvocation.java:184)
	at org.springframework.aop.framework.CglibAopProxy$CglibMethodInvocation.proceed(CglibAopProxy.java:768)
	at org.springframework.aop.framework.CglibAopProxy$DynamicAdvisedInterceptor.intercept(CglibAopProxy.java:720)
	at com.JobSchedulingNotification.JobSchedulingProject.service.JobScanner$$SpringCGLIB$$0.scanAndExecute(<generated>)
	at java.base/jdk.internal.reflect.NativeMethodAccessorImpl.invoke0(Native Method)
	at java.base/jdk.internal.reflect.NativeMethodAccessorImpl.invoke(NativeMethodAccessorImpl.java:77)
	at java.base/jdk.internal.reflect.DelegatingMethodAccessorImpl.invoke(DelegatingMethodAccessorImpl.java:43)
	at java.base/java.lang.reflect.Method.invoke(Method.java:568)
	at org.springframework.scheduling.support.ScheduledMethodRunnable.runInternal(ScheduledMethodRunnable.java:130)
	at org.springframework.scheduling.support.ScheduledMethodRunnable.lambda$run$2(ScheduledMethodRunnable.java:124)
	at io.micrometer.observation.Observation.observe(Observation.java:499)
	at org.springframework.scheduling.support.ScheduledMethodRunnable.run(ScheduledMethodRunnable.java:124)
	at org.springframework.scheduling.support.DelegatingErrorHandlingRunnable.run(DelegatingErrorHandlingRunnable.java:54)
	at java.base/java.util.concurrent.Executors$RunnableAdapter.call(Executors.java:539)
	at java.base/java.util.concurrent.FutureTask.runAndReset(FutureTask.java:305)
	at java.base/java.util.concurrent.ScheduledThreadPoolExecutor$ScheduledFutureTask.run(ScheduledThreadPoolExecutor.java:305)
	at java.base/java.util.concurrent.ThreadPoolExecutor.runWorker(ThreadPoolExecutor.java:1136)
	at java.base/java.util.concurrent.ThreadPoolExecutor$Worker.run(ThreadPoolExecutor.java:635)
	at java.base/java.lang.Thread.run(Thread.java:842)
2026-03-10 16:07:42 [scheduling-1] INFO  c.J.J.service.JobScanner [REQ:] - Cron Job Completed
2026-03-10 16:08:38 [scheduling-1] INFO  c.J.J.service.JobScanner [REQ:] - Cron Job Started
2026-03-10 16:09:27 [SpringApplicationShutdownHook] INFO  com.zaxxer.hikari.HikariDataSource [REQ:] - HikariPool-1 - Shutdown initiated...
2026-03-10 16:09:27 [SpringApplicationShutdownHook] INFO  com.zaxxer.hikari.HikariDataSource [REQ:] - HikariPool-1 - Shutdown completed.
