2026-03-02 12:00:42 [background-preinit] INFO  o.h.validator.internal.util.Version [REQ:] - HV000001: Hibernate Validator 8.0.1.Final
2026-03-02 12:00:42 [restartedMain] INFO  c.J.J.JobSchedulingProjectApplication [REQ:] - Starting JobSchedulingProjectApplication using Java 17.0.12 with PID 18608 (C:\Users\pulkit.bohra.in\Desktop\JobSchedulingProject\JobSchedulingProject\target\classes started by pulkit.bohra.in in C:\Users\pulkit.bohra.in\Desktop\JobSchedulingProject)
2026-03-02 12:00:42 [restartedMain] INFO  c.J.J.JobSchedulingProjectApplication [REQ:] - No active profile set, falling back to 1 default profile: "default"
2026-03-02 12:00:44 [restartedMain] INFO  o.a.coyote.http11.Http11NioProtocol [REQ:] - Initializing ProtocolHandler ["http-nio-8080"]
2026-03-02 12:00:44 [restartedMain] INFO  o.a.catalina.core.StandardService [REQ:] - Starting service [Tomcat]
2026-03-02 12:00:44 [restartedMain] INFO  o.a.catalina.core.StandardEngine [REQ:] - Starting Servlet engine: [Apache Tomcat/10.1.20]
2026-03-02 12:00:44 [restartedMain] INFO  o.a.c.c.C.[Tomcat].[localhost].[/] [REQ:] - Initializing Spring embedded WebApplicationContext
2026-03-02 12:00:44 [restartedMain] INFO  o.h.jpa.internal.util.LogHelper [REQ:] - HHH000204: Processing PersistenceUnitInfo [name: default]
2026-03-02 12:00:44 [restartedMain] INFO  org.hibernate.Version [REQ:] - HHH000412: Hibernate ORM core version 6.4.4.Final
2026-03-02 12:00:44 [restartedMain] INFO  o.h.c.i.RegionFactoryInitiator [REQ:] - HHH000026: Second-level cache disabled
2026-03-02 12:00:45 [restartedMain] INFO  com.zaxxer.hikari.HikariDataSource [REQ:] - HikariPool-1 - Starting...
2026-03-02 12:00:45 [restartedMain] INFO  com.zaxxer.hikari.pool.HikariPool [REQ:] - HikariPool-1 - Added connection com.mysql.cj.jdbc.ConnectionImpl@1ba6bb3c
2026-03-02 12:00:45 [restartedMain] INFO  com.zaxxer.hikari.HikariDataSource [REQ:] - HikariPool-1 - Start completed.
2026-03-02 12:00:46 [restartedMain] INFO  o.h.e.t.j.p.i.JtaPlatformInitiator [REQ:] - HHH000489: No JTA platform available (set 'hibernate.transaction.jta.platform' to enable JTA platform integration)
2026-03-02 12:00:47 [restartedMain] INFO  com.zaxxer.hikari.HikariDataSource [REQ:] - HikariPool-1 - Shutdown initiated...
2026-03-02 12:00:47 [restartedMain] INFO  com.zaxxer.hikari.HikariDataSource [REQ:] - HikariPool-1 - Shutdown completed.
2026-03-02 12:00:47 [restartedMain] INFO  o.a.catalina.core.StandardService [REQ:] - Stopping service [Tomcat]
2026-03-02 12:00:47 [restartedMain] ERROR o.s.boot.SpringApplication [REQ:] - Application run failed
org.springframework.beans.factory.UnsatisfiedDependencyException: Error creating bean with name 'jobController' defined in file [C:\Users\pulkit.bohra.in\Desktop\JobSchedulingProject\JobSchedulingProject\target\classes\com\JobSchedulingNotification\JobSchedulingProject\controller\JobController.class]: Unsatisfied dependency expressed through constructor parameter 0: Error creating bean with name 'jobService' defined in file [C:\Users\pulkit.bohra.in\Desktop\JobSchedulingProject\JobSchedulingProject\target\classes\com\JobSchedulingNotification\JobSchedulingProject\service\JobService.class]: Unsatisfied dependency expressed through constructor parameter 0: Error creating bean with name 'jobRepository' defined in com.JobSchedulingNotification.JobSchedulingProject.repository.JobRepository defined in @EnableJpaRepositories declared on JpaRepositoriesRegistrar.EnableJpaRepositoriesConfiguration: Could not create query for public abstract java.util.List com.JobSchedulingNotification.JobSchedulingProject.repository.JobRepository.findByActiveTrueandNextRuntime(java.time.LocalDateTime); Reason: Failed to create query for method public abstract java.util.List com.JobSchedulingNotification.JobSchedulingProject.repository.JobRepository.findByActiveTrueandNextRuntime(java.time.LocalDateTime); No property 'trueandNextRuntime' found for type 'boolean'; Traversed path: Job.active
	at org.springframework.beans.factory.support.ConstructorResolver.createArgumentArray(ConstructorResolver.java:795)
	at org.springframework.beans.factory.support.ConstructorResolver.autowireConstructor(ConstructorResolver.java:237)
	at org.springframework.beans.factory.support.AbstractAutowireCapableBeanFactory.autowireConstructor(AbstractAutowireCapableBeanFactory.java:1355)
	at org.springframework.beans.factory.support.AbstractAutowireCapableBeanFactory.createBeanInstance(AbstractAutowireCapableBeanFactory.java:1192)
	at org.springframework.beans.factory.support.AbstractAutowireCapableBeanFactory.doCreateBean(AbstractAutowireCapableBeanFactory.java:562)
	at org.springframework.beans.factory.support.AbstractAutowireCapableBeanFactory.createBean(AbstractAutowireCapableBeanFactory.java:522)
	at org.springframework.beans.factory.support.AbstractBeanFactory.lambda$doGetBean$0(AbstractBeanFactory.java:326)
	at org.springframework.beans.factory.support.DefaultSingletonBeanRegistry.getSingleton(DefaultSingletonBeanRegistry.java:234)
	at org.springframework.beans.factory.support.AbstractBeanFactory.doGetBean(AbstractBeanFactory.java:324)
	at org.springframework.beans.factory.support.AbstractBeanFactory.getBean(AbstractBeanFactory.java:200)
	at org.springframework.beans.factory.support.DefaultListableBeanFactory.preInstantiateSingletons(DefaultListableBeanFactory.java:975)
	at org.springframework.context.support.AbstractApplicationContext.finishBeanFactoryInitialization(AbstractApplicationContext.java:962)
	at org.springframework.context.support.AbstractApplicationContext.refresh(AbstractApplicationContext.java:624)
	at org.springframework.boot.web.servlet.context.ServletWebServerApplicationContext.refresh(ServletWebServerApplicationContext.java:146)
	at org.springframework.boot.SpringApplication.refresh(SpringApplication.java:754)
	at org.springframework.boot.SpringApplication.refreshContext(SpringApplication.java:456)
	at org.springframework.boot.SpringApplication.run(SpringApplication.java:334)
	at org.springframework.boot.SpringApplication.run(SpringApplication.java:1354)
	at org.springframework.boot.SpringApplication.run(SpringApplication.java:1343)
	at com.JobSchedulingNotification.JobSchedulingProject.JobSchedulingProjectApplication.main(JobSchedulingProjectApplication.java:12)
	at java.base/jdk.internal.reflect.NativeMethodAccessorImpl.invoke0(Native Method)
	at java.base/jdk.internal.reflect.NativeMethodAccessorImpl.invoke(NativeMethodAccessorImpl.java:77)
	at java.base/jdk.internal.reflect.DelegatingMethodAccessorImpl.invoke(DelegatingMethodAccessorImpl.java:43)
	at java.base/java.lang.reflect.Method.invoke(Method.java:568)
	at org.springframework.boot.devtools.restart.RestartLauncher.run(RestartLauncher.java:50)
Caused by: org.springframework.beans.factory.UnsatisfiedDependencyException: Error creating bean with name 'jobService' defined in file [C:\Users\pulkit.bohra.in\Desktop\JobSchedulingProject\JobSchedulingProject\target\classes\com\JobSchedulingNotification\JobSchedulingProject\service\JobService.class]: Unsatisfied dependency expressed through constructor parameter 0: Error creating bean with name 'jobRepository' defined in com.JobSchedulingNotification.JobSchedulingProject.repository.JobRepository defined in @EnableJpaRepositories declared on JpaRepositoriesRegistrar.EnableJpaRepositoriesConfiguration: Could not create query for public abstract java.util.List com.JobSchedulingNotification.JobSchedulingProject.repository.JobRepository.findByActiveTrueandNextRuntime(java.time.LocalDateTime); Reason: Failed to create query for method public abstract java.util.List com.JobSchedulingNotification.JobSchedulingProject.repository.JobRepository.findByActiveTrueandNextRuntime(java.time.LocalDateTime); No property 'trueandNextRuntime' found for type 'boolean'; Traversed path: Job.active
	at org.springframework.beans.factory.support.ConstructorResolver.createArgumentArray(ConstructorResolver.java:795)
	at org.springframework.beans.factory.support.ConstructorResolver.autowireConstructor(ConstructorResolver.java:237)
	at org.springframework.beans.factory.support.AbstractAutowireCapableBeanFactory.autowireConstructor(AbstractAutowireCapableBeanFactory.java:1355)
	at org.springframework.beans.factory.support.AbstractAutowireCapableBeanFactory.createBeanInstance(AbstractAutowireCapableBeanFactory.java:1192)
	at org.springframework.beans.factory.support.AbstractAutowireCapableBeanFactory.doCreateBean(AbstractAutowireCapableBeanFactory.java:562)
	at org.springframework.beans.factory.support.AbstractAutowireCapableBeanFactory.createBean(AbstractAutowireCapableBeanFactory.java:522)
	at org.springframework.beans.factory.support.AbstractBeanFactory.lambda$doGetBean$0(AbstractBeanFactory.java:326)
	at org.springframework.beans.factory.support.DefaultSingletonBeanRegistry.getSingleton(DefaultSingletonBeanRegistry.java:234)
	at org.springframework.beans.factory.support.AbstractBeanFactory.doGetBean(AbstractBeanFactory.java:324)
	at org.springframework.beans.factory.support.AbstractBeanFactory.getBean(AbstractBeanFactory.java:200)
	at org.springframework.beans.factory.config.DependencyDescriptor.resolveCandidate(DependencyDescriptor.java:254)
	at org.springframework.beans.factory.support.DefaultListableBeanFactory.doResolveDependency(DefaultListableBeanFactory.java:1443)
	at org.springframework.beans.factory.support.DefaultListableBeanFactory.resolveDependency(DefaultListableBeanFactory.java:1353)
	at org.springframework.beans.factory.support.ConstructorResolver.resolveAutowiredArgument(ConstructorResolver.java:904)
	at org.springframework.beans.factory.support.ConstructorResolver.createArgumentArray(ConstructorResolver.java:782)
	... 24 common frames omitted
Caused by: org.springframework.beans.factory.BeanCreationException: Error creating bean with name 'jobRepository' defined in com.JobSchedulingNotification.JobSchedulingProject.repository.JobRepository defined in @EnableJpaRepositories declared on JpaRepositoriesRegistrar.EnableJpaRepositoriesConfiguration: Could not create query for public abstract java.util.List com.JobSchedulingNotification.JobSchedulingProject.repository.JobRepository.findByActiveTrueandNextRuntime(java.time.LocalDateTime); Reason: Failed to create query for method public abstract java.util.List com.JobSchedulingNotification.JobSchedulingProject.repository.JobRepository.findByActiveTrueandNextRuntime(java.time.LocalDateTime); No property 'trueandNextRuntime' found for type 'boolean'; Traversed path: Job.active
	at org.springframework.beans.factory.support.AbstractAutowireCapableBeanFactory.initializeBean(AbstractAutowireCapableBeanFactory.java:1786)
	at org.springframework.beans.factory.support.AbstractAutowireCapableBeanFactory.doCreateBean(AbstractAutowireCapableBeanFactory.java:600)
	at org.springframework.beans.factory.support.AbstractAutowireCapableBeanFactory.createBean(AbstractAutowireCapableBeanFactory.java:522)
	at org.springframework.beans.factory.support.AbstractBeanFactory.lambda$doGetBean$0(AbstractBeanFactory.java:326)
	at org.springframework.beans.factory.support.DefaultSingletonBeanRegistry.getSingleton(DefaultSingletonBeanRegistry.java:234)
	at org.springframework.beans.factory.support.AbstractBeanFactory.doGetBean(AbstractBeanFactory.java:324)
	at org.springframework.beans.factory.support.AbstractBeanFactory.getBean(AbstractBeanFactory.java:200)
	at org.springframework.beans.factory.config.DependencyDescriptor.resolveCandidate(DependencyDescriptor.java:254)
	at org.springframework.beans.factory.support.DefaultListableBeanFactory.doResolveDependency(DefaultListableBeanFactory.java:1443)
	at org.springframework.beans.factory.support.DefaultListableBeanFactory.resolveDependency(DefaultListableBeanFactory.java:1353)
	at org.springframework.beans.factory.support.ConstructorResolver.resolveAutowiredArgument(ConstructorResolver.java:904)
	at org.springframework.beans.factory.support.ConstructorResolver.createArgumentArray(ConstructorResolver.java:782)
	... 38 common frames omitted
Caused by: org.springframework.data.repository.query.QueryCreationException: Could not create query for public abstract java.util.List com.JobSchedulingNotification.JobSchedulingProject.repository.JobRepository.findByActiveTrueandNextRuntime(java.time.LocalDateTime); Reason: Failed to create query for method public abstract java.util.List com.JobSchedulingNotification.JobSchedulingProject.repository.JobRepository.findByActiveTrueandNextRuntime(java.time.LocalDateTime); No property 'trueandNextRuntime' found for type 'boolean'; Traversed path: Job.active
	at org.springframework.data.repository.query.QueryCreationException.create(QueryCreationException.java:101)
	at org.springframework.data.repository.core.support.QueryExecutorMethodInterceptor.lookupQuery(QueryExecutorMethodInterceptor.java:115)
	at org.springframework.data.repository.core.support.QueryExecutorMethodInterceptor.mapMethodsToQuery(QueryExecutorMethodInterceptor.java:99)
	at org.springframework.data.repository.core.support.QueryExecutorMethodInterceptor.lambda$new$0(QueryExecutorMethodInterceptor.java:88)
	at java.base/java.util.Optional.map(Optional.java:260)
	at org.springframework.data.repository.core.support.QueryExecutorMethodInterceptor.<init>(QueryExecutorMethodInterceptor.java:88)
	at org.springframework.data.repository.core.support.RepositoryFactorySupport.getRepository(RepositoryFactorySupport.java:357)
	at org.springframework.data.repository.core.support.RepositoryFactoryBeanSupport.lambda$afterPropertiesSet$5(RepositoryFactoryBeanSupport.java:279)
	at org.springframework.data.util.Lazy.getNullable(Lazy.java:135)
	at org.springframework.data.util.Lazy.get(Lazy.java:113)
	at org.springframework.data.repository.core.support.RepositoryFactoryBeanSupport.afterPropertiesSet(RepositoryFactoryBeanSupport.java:285)
	at org.springframework.data.jpa.repository.support.JpaRepositoryFactoryBean.afterPropertiesSet(JpaRepositoryFactoryBean.java:132)
	at org.springframework.beans.factory.support.AbstractAutowireCapableBeanFactory.invokeInitMethods(AbstractAutowireCapableBeanFactory.java:1833)
	at org.springframework.beans.factory.support.AbstractAutowireCapableBeanFactory.initializeBean(AbstractAutowireCapableBeanFactory.java:1782)
	... 49 common frames omitted
Caused by: java.lang.IllegalArgumentException: Failed to create query for method public abstract java.util.List com.JobSchedulingNotification.JobSchedulingProject.repository.JobRepository.findByActiveTrueandNextRuntime(java.time.LocalDateTime); No property 'trueandNextRuntime' found for type 'boolean'; Traversed path: Job.active
	at org.springframework.data.jpa.repository.query.PartTreeJpaQuery.<init>(PartTreeJpaQuery.java:106)
	at org.springframework.data.jpa.repository.query.JpaQueryLookupStrategy$CreateQueryLookupStrategy.resolveQuery(JpaQueryLookupStrategy.java:124)
	at org.springframework.data.jpa.repository.query.JpaQueryLookupStrategy$CreateIfNotFoundQueryLookupStrategy.resolveQuery(JpaQueryLookupStrategy.java:258)
	at org.springframework.data.jpa.repository.query.JpaQueryLookupStrategy$AbstractQueryLookupStrategy.resolveQuery(JpaQueryLookupStrategy.java:95)
	at org.springframework.data.repository.core.support.QueryExecutorMethodInterceptor.lookupQuery(QueryExecutorMethodInterceptor.java:111)
	... 61 common frames omitted
Caused by: org.springframework.data.mapping.PropertyReferenceException: No property 'trueandNextRuntime' found for type 'boolean'; Traversed path: Job.active
	at org.springframework.data.mapping.PropertyPath.<init>(PropertyPath.java:90)
	at org.springframework.data.mapping.PropertyPath.create(PropertyPath.java:443)
	at org.springframework.data.mapping.PropertyPath.create(PropertyPath.java:419)
	at org.springframework.data.mapping.PropertyPath.create(PropertyPath.java:453)
	at org.springframework.data.mapping.PropertyPath.create(PropertyPath.java:476)
	at org.springframework.data.mapping.PropertyPath.create(PropertyPath.java:476)
	at org.springframework.data.mapping.PropertyPath.create(PropertyPath.java:476)
	at org.springframework.data.mapping.PropertyPath.create(PropertyPath.java:419)
	at org.springframework.data.mapping.PropertyPath.lambda$from$0(PropertyPath.java:372)
	at java.base/java.util.concurrent.ConcurrentMap.computeIfAbsent(ConcurrentMap.java:330)
	at org.springframework.data.mapping.PropertyPath.from(PropertyPath.java:354)
	at org.springframework.data.mapping.PropertyPath.from(PropertyPath.java:332)
	at org.springframework.data.repository.query.parser.Part.<init>(Part.java:81)
	at org.springframework.data.repository.query.parser.PartTree$OrPart.lambda$new$0(PartTree.java:259)
	at java.base/java.util.stream.ReferencePipeline$3$1.accept(ReferencePipeline.java:197)
	at java.base/java.util.stream.ReferencePipeline$2$1.accept(ReferencePipeline.java:179)
	at java.base/java.util.Spliterators$ArraySpliterator.forEachRemaining(Spliterators.java:992)
	at java.base/java.util.stream.AbstractPipeline.copyInto(AbstractPipeline.java:509)
	at java.base/java.util.stream.AbstractPipeline.wrapAndCopyInto(AbstractPipeline.java:499)
	at java.base/java.util.stream.ReduceOps$ReduceOp.evaluateSequential(ReduceOps.java:921)
	at java.base/java.util.stream.AbstractPipeline.evaluate(AbstractPipeline.java:234)
	at java.base/java.util.stream.ReferencePipeline.collect(ReferencePipeline.java:682)
	at org.springframework.data.repository.query.parser.PartTree$OrPart.<init>(PartTree.java:260)
	at org.springframework.data.repository.query.parser.PartTree$Predicate.lambda$new$0(PartTree.java:389)
	at java.base/java.util.stream.ReferencePipeline$3$1.accept(ReferencePipeline.java:197)
	at java.base/java.util.stream.ReferencePipeline$2$1.accept(ReferencePipeline.java:179)
	at java.base/java.util.Spliterators$ArraySpliterator.forEachRemaining(Spliterators.java:992)
	at java.base/java.util.stream.AbstractPipeline.copyInto(AbstractPipeline.java:509)
	at java.base/java.util.stream.AbstractPipeline.wrapAndCopyInto(AbstractPipeline.java:499)
	at java.base/java.util.stream.ReduceOps$ReduceOp.evaluateSequential(ReduceOps.java:921)
	at java.base/java.util.stream.AbstractPipeline.evaluate(AbstractPipeline.java:234)
	at java.base/java.util.stream.ReferencePipeline.collect(ReferencePipeline.java:682)
	at org.springframework.data.repository.query.parser.PartTree$Predicate.<init>(PartTree.java:390)
	at org.springframework.data.repository.query.parser.PartTree.<init>(PartTree.java:103)
	at org.springframework.data.jpa.repository.query.PartTreeJpaQuery.<init>(PartTreeJpaQuery.java:100)
	... 65 common frames omitted
2026-03-02 12:01:56 [background-preinit] INFO  o.h.validator.internal.util.Version [REQ:] - HV000001: Hibernate Validator 8.0.1.Final
2026-03-02 12:01:56 [restartedMain] INFO  c.J.J.JobSchedulingProjectApplication [REQ:] - Starting JobSchedulingProjectApplication using Java 17.0.12 with PID 29996 (C:\Users\pulkit.bohra.in\Desktop\JobSchedulingProject\JobSchedulingProject\target\classes started by pulkit.bohra.in in C:\Users\pulkit.bohra.in\Desktop\JobSchedulingProject)
2026-03-02 12:01:56 [restartedMain] INFO  c.J.J.JobSchedulingProjectApplication [REQ:] - No active profile set, falling back to 1 default profile: "default"
2026-03-02 12:01:58 [restartedMain] INFO  o.a.coyote.http11.Http11NioProtocol [REQ:] - Initializing ProtocolHandler ["http-nio-8080"]
2026-03-02 12:01:58 [restartedMain] INFO  o.a.catalina.core.StandardService [REQ:] - Starting service [Tomcat]
2026-03-02 12:01:58 [restartedMain] INFO  o.a.catalina.core.StandardEngine [REQ:] - Starting Servlet engine: [Apache Tomcat/10.1.20]
2026-03-02 12:01:58 [restartedMain] INFO  o.a.c.c.C.[Tomcat].[localhost].[/] [REQ:] - Initializing Spring embedded WebApplicationContext
2026-03-02 12:01:58 [restartedMain] INFO  o.h.jpa.internal.util.LogHelper [REQ:] - HHH000204: Processing PersistenceUnitInfo [name: default]
2026-03-02 12:01:58 [restartedMain] INFO  org.hibernate.Version [REQ:] - HHH000412: Hibernate ORM core version 6.4.4.Final
2026-03-02 12:01:58 [restartedMain] INFO  o.h.c.i.RegionFactoryInitiator [REQ:] - HHH000026: Second-level cache disabled
2026-03-02 12:01:59 [restartedMain] INFO  com.zaxxer.hikari.HikariDataSource [REQ:] - HikariPool-1 - Starting...
2026-03-02 12:01:59 [restartedMain] INFO  com.zaxxer.hikari.pool.HikariPool [REQ:] - HikariPool-1 - Added connection com.mysql.cj.jdbc.ConnectionImpl@7096ccdc
2026-03-02 12:01:59 [restartedMain] INFO  com.zaxxer.hikari.HikariDataSource [REQ:] - HikariPool-1 - Start completed.
2026-03-02 12:02:00 [restartedMain] INFO  o.h.e.t.j.p.i.JtaPlatformInitiator [REQ:] - HHH000489: No JTA platform available (set 'hibernate.transaction.jta.platform' to enable JTA platform integration)
2026-03-02 12:02:01 [restartedMain] INFO  com.zaxxer.hikari.HikariDataSource [REQ:] - HikariPool-1 - Shutdown initiated...
2026-03-02 12:02:01 [restartedMain] INFO  com.zaxxer.hikari.HikariDataSource [REQ:] - HikariPool-1 - Shutdown completed.
2026-03-02 12:02:01 [restartedMain] INFO  o.a.catalina.core.StandardService [REQ:] - Stopping service [Tomcat]
2026-03-02 12:02:01 [restartedMain] ERROR o.s.boot.SpringApplication [REQ:] - Application run failed
org.springframework.beans.factory.UnsatisfiedDependencyException: Error creating bean with name 'jobController' defined in file [C:\Users\pulkit.bohra.in\Desktop\JobSchedulingProject\JobSchedulingProject\target\classes\com\JobSchedulingNotification\JobSchedulingProject\controller\JobController.class]: Unsatisfied dependency expressed through constructor parameter 0: Error creating bean with name 'jobService' defined in file [C:\Users\pulkit.bohra.in\Desktop\JobSchedulingProject\JobSchedulingProject\target\classes\com\JobSchedulingNotification\JobSchedulingProject\service\JobService.class]: Unsatisfied dependency expressed through constructor parameter 0: Error creating bean with name 'jobRepository' defined in com.JobSchedulingNotification.JobSchedulingProject.repository.JobRepository defined in @EnableJpaRepositories declared on JpaRepositoriesRegistrar.EnableJpaRepositoriesConfiguration: Could not create query for public abstract java.util.List com.JobSchedulingNotification.JobSchedulingProject.repository.JobRepository.findByActiveTrueandNextRuntime(java.time.LocalDateTime); Reason: Failed to create query for method public abstract java.util.List com.JobSchedulingNotification.JobSchedulingProject.repository.JobRepository.findByActiveTrueandNextRuntime(java.time.LocalDateTime); No property 'trueandNextRuntime' found for type 'boolean'; Traversed path: Job.active
	at org.springframework.beans.factory.support.ConstructorResolver.createArgumentArray(ConstructorResolver.java:795)
	at org.springframework.beans.factory.support.ConstructorResolver.autowireConstructor(ConstructorResolver.java:237)
	at org.springframework.beans.factory.support.AbstractAutowireCapableBeanFactory.autowireConstructor(AbstractAutowireCapableBeanFactory.java:1355)
	at org.springframework.beans.factory.support.AbstractAutowireCapableBeanFactory.createBeanInstance(AbstractAutowireCapableBeanFactory.java:1192)
	at org.springframework.beans.factory.support.AbstractAutowireCapableBeanFactory.doCreateBean(AbstractAutowireCapableBeanFactory.java:562)
	at org.springframework.beans.factory.support.AbstractAutowireCapableBeanFactory.createBean(AbstractAutowireCapableBeanFactory.java:522)
	at org.springframework.beans.factory.support.AbstractBeanFactory.lambda$doGetBean$0(AbstractBeanFactory.java:326)
	at org.springframework.beans.factory.support.DefaultSingletonBeanRegistry.getSingleton(DefaultSingletonBeanRegistry.java:234)
	at org.springframework.beans.factory.support.AbstractBeanFactory.doGetBean(AbstractBeanFactory.java:324)
	at org.springframework.beans.factory.support.AbstractBeanFactory.getBean(AbstractBeanFactory.java:200)
	at org.springframework.beans.factory.support.DefaultListableBeanFactory.preInstantiateSingletons(DefaultListableBeanFactory.java:975)
	at org.springframework.context.support.AbstractApplicationContext.finishBeanFactoryInitialization(AbstractApplicationContext.java:962)
	at org.springframework.context.support.AbstractApplicationContext.refresh(AbstractApplicationContext.java:624)
	at org.springframework.boot.web.servlet.context.ServletWebServerApplicationContext.refresh(ServletWebServerApplicationContext.java:146)
	at org.springframework.boot.SpringApplication.refresh(SpringApplication.java:754)
	at org.springframework.boot.SpringApplication.refreshContext(SpringApplication.java:456)
	at org.springframework.boot.SpringApplication.run(SpringApplication.java:334)
	at org.springframework.boot.SpringApplication.run(SpringApplication.java:1354)
	at org.springframework.boot.SpringApplication.run(SpringApplication.java:1343)
	at com.JobSchedulingNotification.JobSchedulingProject.JobSchedulingProjectApplication.main(JobSchedulingProjectApplication.java:12)
	at java.base/jdk.internal.reflect.NativeMethodAccessorImpl.invoke0(Native Method)
	at java.base/jdk.internal.reflect.NativeMethodAccessorImpl.invoke(NativeMethodAccessorImpl.java:77)
	at java.base/jdk.internal.reflect.DelegatingMethodAccessorImpl.invoke(DelegatingMethodAccessorImpl.java:43)
	at java.base/java.lang.reflect.Method.invoke(Method.java:568)
	at org.springframework.boot.devtools.restart.RestartLauncher.run(RestartLauncher.java:50)
Caused by: org.springframework.beans.factory.UnsatisfiedDependencyException: Error creating bean with name 'jobService' defined in file [C:\Users\pulkit.bohra.in\Desktop\JobSchedulingProject\JobSchedulingProject\target\classes\com\JobSchedulingNotification\JobSchedulingProject\service\JobService.class]: Unsatisfied dependency expressed through constructor parameter 0: Error creating bean with name 'jobRepository' defined in com.JobSchedulingNotification.JobSchedulingProject.repository.JobRepository defined in @EnableJpaRepositories declared on JpaRepositoriesRegistrar.EnableJpaRepositoriesConfiguration: Could not create query for public abstract java.util.List com.JobSchedulingNotification.JobSchedulingProject.repository.JobRepository.findByActiveTrueandNextRuntime(java.time.LocalDateTime); Reason: Failed to create query for method public abstract java.util.List com.JobSchedulingNotification.JobSchedulingProject.repository.JobRepository.findByActiveTrueandNextRuntime(java.time.LocalDateTime); No property 'trueandNextRuntime' found for type 'boolean'; Traversed path: Job.active
	at org.springframework.beans.factory.support.ConstructorResolver.createArgumentArray(ConstructorResolver.java:795)
	at org.springframework.beans.factory.support.ConstructorResolver.autowireConstructor(ConstructorResolver.java:237)
	at org.springframework.beans.factory.support.AbstractAutowireCapableBeanFactory.autowireConstructor(AbstractAutowireCapableBeanFactory.java:1355)
	at org.springframework.beans.factory.support.AbstractAutowireCapableBeanFactory.createBeanInstance(AbstractAutowireCapableBeanFactory.java:1192)
	at org.springframework.beans.factory.support.AbstractAutowireCapableBeanFactory.doCreateBean(AbstractAutowireCapableBeanFactory.java:562)
	at org.springframework.beans.factory.support.AbstractAutowireCapableBeanFactory.createBean(AbstractAutowireCapableBeanFactory.java:522)
	at org.springframework.beans.factory.support.AbstractBeanFactory.lambda$doGetBean$0(AbstractBeanFactory.java:326)
	at org.springframework.beans.factory.support.DefaultSingletonBeanRegistry.getSingleton(DefaultSingletonBeanRegistry.java:234)
	at org.springframework.beans.factory.support.AbstractBeanFactory.doGetBean(AbstractBeanFactory.java:324)
	at org.springframework.beans.factory.support.AbstractBeanFactory.getBean(AbstractBeanFactory.java:200)
	at org.springframework.beans.factory.config.DependencyDescriptor.resolveCandidate(DependencyDescriptor.java:254)
	at org.springframework.beans.factory.support.DefaultListableBeanFactory.doResolveDependency(DefaultListableBeanFactory.java:1443)
	at org.springframework.beans.factory.support.DefaultListableBeanFactory.resolveDependency(DefaultListableBeanFactory.java:1353)
	at org.springframework.beans.factory.support.ConstructorResolver.resolveAutowiredArgument(ConstructorResolver.java:904)
	at org.springframework.beans.factory.support.ConstructorResolver.createArgumentArray(ConstructorResolver.java:782)
	... 24 common frames omitted
Caused by: org.springframework.beans.factory.BeanCreationException: Error creating bean with name 'jobRepository' defined in com.JobSchedulingNotification.JobSchedulingProject.repository.JobRepository defined in @EnableJpaRepositories declared on JpaRepositoriesRegistrar.EnableJpaRepositoriesConfiguration: Could not create query for public abstract java.util.List com.JobSchedulingNotification.JobSchedulingProject.repository.JobRepository.findByActiveTrueandNextRuntime(java.time.LocalDateTime); Reason: Failed to create query for method public abstract java.util.List com.JobSchedulingNotification.JobSchedulingProject.repository.JobRepository.findByActiveTrueandNextRuntime(java.time.LocalDateTime); No property 'trueandNextRuntime' found for type 'boolean'; Traversed path: Job.active
	at org.springframework.beans.factory.support.AbstractAutowireCapableBeanFactory.initializeBean(AbstractAutowireCapableBeanFactory.java:1786)
	at org.springframework.beans.factory.support.AbstractAutowireCapableBeanFactory.doCreateBean(AbstractAutowireCapableBeanFactory.java:600)
	at org.springframework.beans.factory.support.AbstractAutowireCapableBeanFactory.createBean(AbstractAutowireCapableBeanFactory.java:522)
	at org.springframework.beans.factory.support.AbstractBeanFactory.lambda$doGetBean$0(AbstractBeanFactory.java:326)
	at org.springframework.beans.factory.support.DefaultSingletonBeanRegistry.getSingleton(DefaultSingletonBeanRegistry.java:234)
	at org.springframework.beans.factory.support.AbstractBeanFactory.doGetBean(AbstractBeanFactory.java:324)
	at org.springframework.beans.factory.support.AbstractBeanFactory.getBean(AbstractBeanFactory.java:200)
	at org.springframework.beans.factory.config.DependencyDescriptor.resolveCandidate(DependencyDescriptor.java:254)
	at org.springframework.beans.factory.support.DefaultListableBeanFactory.doResolveDependency(DefaultListableBeanFactory.java:1443)
	at org.springframework.beans.factory.support.DefaultListableBeanFactory.resolveDependency(DefaultListableBeanFactory.java:1353)
	at org.springframework.beans.factory.support.ConstructorResolver.resolveAutowiredArgument(ConstructorResolver.java:904)
	at org.springframework.beans.factory.support.ConstructorResolver.createArgumentArray(ConstructorResolver.java:782)
	... 38 common frames omitted
Caused by: org.springframework.data.repository.query.QueryCreationException: Could not create query for public abstract java.util.List com.JobSchedulingNotification.JobSchedulingProject.repository.JobRepository.findByActiveTrueandNextRuntime(java.time.LocalDateTime); Reason: Failed to create query for method public abstract java.util.List com.JobSchedulingNotification.JobSchedulingProject.repository.JobRepository.findByActiveTrueandNextRuntime(java.time.LocalDateTime); No property 'trueandNextRuntime' found for type 'boolean'; Traversed path: Job.active
	at org.springframework.data.repository.query.QueryCreationException.create(QueryCreationException.java:101)
	at org.springframework.data.repository.core.support.QueryExecutorMethodInterceptor.lookupQuery(QueryExecutorMethodInterceptor.java:115)
	at org.springframework.data.repository.core.support.QueryExecutorMethodInterceptor.mapMethodsToQuery(QueryExecutorMethodInterceptor.java:99)
	at org.springframework.data.repository.core.support.QueryExecutorMethodInterceptor.lambda$new$0(QueryExecutorMethodInterceptor.java:88)
	at java.base/java.util.Optional.map(Optional.java:260)
	at org.springframework.data.repository.core.support.QueryExecutorMethodInterceptor.<init>(QueryExecutorMethodInterceptor.java:88)
	at org.springframework.data.repository.core.support.RepositoryFactorySupport.getRepository(RepositoryFactorySupport.java:357)
	at org.springframework.data.repository.core.support.RepositoryFactoryBeanSupport.lambda$afterPropertiesSet$5(RepositoryFactoryBeanSupport.java:279)
	at org.springframework.data.util.Lazy.getNullable(Lazy.java:135)
	at org.springframework.data.util.Lazy.get(Lazy.java:113)
	at org.springframework.data.repository.core.support.RepositoryFactoryBeanSupport.afterPropertiesSet(RepositoryFactoryBeanSupport.java:285)
	at org.springframework.data.jpa.repository.support.JpaRepositoryFactoryBean.afterPropertiesSet(JpaRepositoryFactoryBean.java:132)
	at org.springframework.beans.factory.support.AbstractAutowireCapableBeanFactory.invokeInitMethods(AbstractAutowireCapableBeanFactory.java:1833)
	at org.springframework.beans.factory.support.AbstractAutowireCapableBeanFactory.initializeBean(AbstractAutowireCapableBeanFactory.java:1782)
	... 49 common frames omitted
Caused by: java.lang.IllegalArgumentException: Failed to create query for method public abstract java.util.List com.JobSchedulingNotification.JobSchedulingProject.repository.JobRepository.findByActiveTrueandNextRuntime(java.time.LocalDateTime); No property 'trueandNextRuntime' found for type 'boolean'; Traversed path: Job.active
	at org.springframework.data.jpa.repository.query.PartTreeJpaQuery.<init>(PartTreeJpaQuery.java:106)
	at org.springframework.data.jpa.repository.query.JpaQueryLookupStrategy$CreateQueryLookupStrategy.resolveQuery(JpaQueryLookupStrategy.java:124)
	at org.springframework.data.jpa.repository.query.JpaQueryLookupStrategy$CreateIfNotFoundQueryLookupStrategy.resolveQuery(JpaQueryLookupStrategy.java:258)
	at org.springframework.data.jpa.repository.query.JpaQueryLookupStrategy$AbstractQueryLookupStrategy.resolveQuery(JpaQueryLookupStrategy.java:95)
	at org.springframework.data.repository.core.support.QueryExecutorMethodInterceptor.lookupQuery(QueryExecutorMethodInterceptor.java:111)
	... 61 common frames omitted
Caused by: org.springframework.data.mapping.PropertyReferenceException: No property 'trueandNextRuntime' found for type 'boolean'; Traversed path: Job.active
	at org.springframework.data.mapping.PropertyPath.<init>(PropertyPath.java:90)
	at org.springframework.data.mapping.PropertyPath.create(PropertyPath.java:443)
	at org.springframework.data.mapping.PropertyPath.create(PropertyPath.java:419)
	at org.springframework.data.mapping.PropertyPath.create(PropertyPath.java:453)
	at org.springframework.data.mapping.PropertyPath.create(PropertyPath.java:476)
	at org.springframework.data.mapping.PropertyPath.create(PropertyPath.java:476)
	at org.springframework.data.mapping.PropertyPath.create(PropertyPath.java:476)
	at org.springframework.data.mapping.PropertyPath.create(PropertyPath.java:419)
	at org.springframework.data.mapping.PropertyPath.lambda$from$0(PropertyPath.java:372)
	at java.base/java.util.concurrent.ConcurrentMap.computeIfAbsent(ConcurrentMap.java:330)
	at org.springframework.data.mapping.PropertyPath.from(PropertyPath.java:354)
	at org.springframework.data.mapping.PropertyPath.from(PropertyPath.java:332)
	at org.springframework.data.repository.query.parser.Part.<init>(Part.java:81)
	at org.springframework.data.repository.query.parser.PartTree$OrPart.lambda$new$0(PartTree.java:259)
	at java.base/java.util.stream.ReferencePipeline$3$1.accept(ReferencePipeline.java:197)
	at java.base/java.util.stream.ReferencePipeline$2$1.accept(ReferencePipeline.java:179)
	at java.base/java.util.Spliterators$ArraySpliterator.forEachRemaining(Spliterators.java:992)
	at java.base/java.util.stream.AbstractPipeline.copyInto(AbstractPipeline.java:509)
	at java.base/java.util.stream.AbstractPipeline.wrapAndCopyInto(AbstractPipeline.java:499)
	at java.base/java.util.stream.ReduceOps$ReduceOp.evaluateSequential(ReduceOps.java:921)
	at java.base/java.util.stream.AbstractPipeline.evaluate(AbstractPipeline.java:234)
	at java.base/java.util.stream.ReferencePipeline.collect(ReferencePipeline.java:682)
	at org.springframework.data.repository.query.parser.PartTree$OrPart.<init>(PartTree.java:260)
	at org.springframework.data.repository.query.parser.PartTree$Predicate.lambda$new$0(PartTree.java:389)
	at java.base/java.util.stream.ReferencePipeline$3$1.accept(ReferencePipeline.java:197)
	at java.base/java.util.stream.ReferencePipeline$2$1.accept(ReferencePipeline.java:179)
	at java.base/java.util.Spliterators$ArraySpliterator.forEachRemaining(Spliterators.java:992)
	at java.base/java.util.stream.AbstractPipeline.copyInto(AbstractPipeline.java:509)
	at java.base/java.util.stream.AbstractPipeline.wrapAndCopyInto(AbstractPipeline.java:499)
	at java.base/java.util.stream.ReduceOps$ReduceOp.evaluateSequential(ReduceOps.java:921)
	at java.base/java.util.stream.AbstractPipeline.evaluate(AbstractPipeline.java:234)
	at java.base/java.util.stream.ReferencePipeline.collect(ReferencePipeline.java:682)
	at org.springframework.data.repository.query.parser.PartTree$Predicate.<init>(PartTree.java:390)
	at org.springframework.data.repository.query.parser.PartTree.<init>(PartTree.java:103)
	at org.springframework.data.jpa.repository.query.PartTreeJpaQuery.<init>(PartTreeJpaQuery.java:100)
	... 65 common frames omitted
2026-03-02 12:07:14 [background-preinit] INFO  o.h.validator.internal.util.Version [REQ:] - HV000001: Hibernate Validator 8.0.1.Final
2026-03-02 12:07:15 [restartedMain] INFO  c.J.J.JobSchedulingProjectApplication [REQ:] - Starting JobSchedulingProjectApplication using Java 17.0.12 with PID 28148 (C:\Users\pulkit.bohra.in\Desktop\JobSchedulingProject\JobSchedulingProject\target\classes started by pulkit.bohra.in in C:\Users\pulkit.bohra.in\Desktop\JobSchedulingProject)
2026-03-02 12:07:15 [restartedMain] INFO  c.J.J.JobSchedulingProjectApplication [REQ:] - No active profile set, falling back to 1 default profile: "default"
2026-03-02 12:07:17 [restartedMain] INFO  o.a.coyote.http11.Http11NioProtocol [REQ:] - Initializing ProtocolHandler ["http-nio-8080"]
2026-03-02 12:07:17 [restartedMain] INFO  o.a.catalina.core.StandardService [REQ:] - Starting service [Tomcat]
2026-03-02 12:07:17 [restartedMain] INFO  o.a.catalina.core.StandardEngine [REQ:] - Starting Servlet engine: [Apache Tomcat/10.1.20]
2026-03-02 12:07:17 [restartedMain] INFO  o.a.c.c.C.[Tomcat].[localhost].[/] [REQ:] - Initializing Spring embedded WebApplicationContext
2026-03-02 12:07:17 [restartedMain] INFO  o.h.jpa.internal.util.LogHelper [REQ:] - HHH000204: Processing PersistenceUnitInfo [name: default]
2026-03-02 12:07:17 [restartedMain] INFO  org.hibernate.Version [REQ:] - HHH000412: Hibernate ORM core version 6.4.4.Final
2026-03-02 12:07:17 [restartedMain] INFO  o.h.c.i.RegionFactoryInitiator [REQ:] - HHH000026: Second-level cache disabled
2026-03-02 12:07:17 [restartedMain] INFO  com.zaxxer.hikari.HikariDataSource [REQ:] - HikariPool-1 - Starting...
2026-03-02 12:07:18 [restartedMain] INFO  com.zaxxer.hikari.pool.HikariPool [REQ:] - HikariPool-1 - Added connection com.mysql.cj.jdbc.ConnectionImpl@25956394
2026-03-02 12:07:18 [restartedMain] INFO  com.zaxxer.hikari.HikariDataSource [REQ:] - HikariPool-1 - Start completed.
2026-03-02 12:07:19 [restartedMain] INFO  o.h.e.t.j.p.i.JtaPlatformInitiator [REQ:] - HHH000489: No JTA platform available (set 'hibernate.transaction.jta.platform' to enable JTA platform integration)
2026-03-02 12:07:19 [restartedMain] INFO  com.zaxxer.hikari.HikariDataSource [REQ:] - HikariPool-1 - Shutdown initiated...
2026-03-02 12:07:19 [restartedMain] INFO  com.zaxxer.hikari.HikariDataSource [REQ:] - HikariPool-1 - Shutdown completed.
2026-03-02 12:07:19 [restartedMain] INFO  o.a.catalina.core.StandardService [REQ:] - Stopping service [Tomcat]
2026-03-02 12:07:20 [restartedMain] ERROR o.s.boot.SpringApplication [REQ:] - Application run failed
org.springframework.beans.factory.UnsatisfiedDependencyException: Error creating bean with name 'jobController' defined in file [C:\Users\pulkit.bohra.in\Desktop\JobSchedulingProject\JobSchedulingProject\target\classes\com\JobSchedulingNotification\JobSchedulingProject\controller\JobController.class]: Unsatisfied dependency expressed through constructor parameter 0: Error creating bean with name 'jobService' defined in file [C:\Users\pulkit.bohra.in\Desktop\JobSchedulingProject\JobSchedulingProject\target\classes\com\JobSchedulingNotification\JobSchedulingProject\service\JobService.class]: Unsatisfied dependency expressed through constructor parameter 0: Error creating bean with name 'jobRepository' defined in com.JobSchedulingNotification.JobSchedulingProject.repository.JobRepository defined in @EnableJpaRepositories declared on JpaRepositoriesRegistrar.EnableJpaRepositoriesConfiguration: Could not create query for public abstract java.util.List com.JobSchedulingNotification.JobSchedulingProject.repository.JobRepository.findByActiveTrueAndNextRuntimeLessThanEqual(java.time.LocalDateTime); Reason: Failed to create query for method public abstract java.util.List com.JobSchedulingNotification.JobSchedulingProject.repository.JobRepository.findByActiveTrueAndNextRuntimeLessThanEqual(java.time.LocalDateTime); No property 'nextRuntime' found for type 'Job'; Did you mean 'nextRunTime'
	at org.springframework.beans.factory.support.ConstructorResolver.createArgumentArray(ConstructorResolver.java:795)
	at org.springframework.beans.factory.support.ConstructorResolver.autowireConstructor(ConstructorResolver.java:237)
	at org.springframework.beans.factory.support.AbstractAutowireCapableBeanFactory.autowireConstructor(AbstractAutowireCapableBeanFactory.java:1355)
	at org.springframework.beans.factory.support.AbstractAutowireCapableBeanFactory.createBeanInstance(AbstractAutowireCapableBeanFactory.java:1192)
	at org.springframework.beans.factory.support.AbstractAutowireCapableBeanFactory.doCreateBean(AbstractAutowireCapableBeanFactory.java:562)
	at org.springframework.beans.factory.support.AbstractAutowireCapableBeanFactory.createBean(AbstractAutowireCapableBeanFactory.java:522)
	at org.springframework.beans.factory.support.AbstractBeanFactory.lambda$doGetBean$0(AbstractBeanFactory.java:326)
	at org.springframework.beans.factory.support.DefaultSingletonBeanRegistry.getSingleton(DefaultSingletonBeanRegistry.java:234)
	at org.springframework.beans.factory.support.AbstractBeanFactory.doGetBean(AbstractBeanFactory.java:324)
	at org.springframework.beans.factory.support.AbstractBeanFactory.getBean(AbstractBeanFactory.java:200)
	at org.springframework.beans.factory.support.DefaultListableBeanFactory.preInstantiateSingletons(DefaultListableBeanFactory.java:975)
	at org.springframework.context.support.AbstractApplicationContext.finishBeanFactoryInitialization(AbstractApplicationContext.java:962)
	at org.springframework.context.support.AbstractApplicationContext.refresh(AbstractApplicationContext.java:624)
	at org.springframework.boot.web.servlet.context.ServletWebServerApplicationContext.refresh(ServletWebServerApplicationContext.java:146)
	at org.springframework.boot.SpringApplication.refresh(SpringApplication.java:754)
	at org.springframework.boot.SpringApplication.refreshContext(SpringApplication.java:456)
	at org.springframework.boot.SpringApplication.run(SpringApplication.java:334)
	at org.springframework.boot.SpringApplication.run(SpringApplication.java:1354)
	at org.springframework.boot.SpringApplication.run(SpringApplication.java:1343)
	at com.JobSchedulingNotification.JobSchedulingProject.JobSchedulingProjectApplication.main(JobSchedulingProjectApplication.java:12)
	at java.base/jdk.internal.reflect.NativeMethodAccessorImpl.invoke0(Native Method)
	at java.base/jdk.internal.reflect.NativeMethodAccessorImpl.invoke(NativeMethodAccessorImpl.java:77)
	at java.base/jdk.internal.reflect.DelegatingMethodAccessorImpl.invoke(DelegatingMethodAccessorImpl.java:43)
	at java.base/java.lang.reflect.Method.invoke(Method.java:568)
	at org.springframework.boot.devtools.restart.RestartLauncher.run(RestartLauncher.java:50)
Caused by: org.springframework.beans.factory.UnsatisfiedDependencyException: Error creating bean with name 'jobService' defined in file [C:\Users\pulkit.bohra.in\Desktop\JobSchedulingProject\JobSchedulingProject\target\classes\com\JobSchedulingNotification\JobSchedulingProject\service\JobService.class]: Unsatisfied dependency expressed through constructor parameter 0: Error creating bean with name 'jobRepository' defined in com.JobSchedulingNotification.JobSchedulingProject.repository.JobRepository defined in @EnableJpaRepositories declared on JpaRepositoriesRegistrar.EnableJpaRepositoriesConfiguration: Could not create query for public abstract java.util.List com.JobSchedulingNotification.JobSchedulingProject.repository.JobRepository.findByActiveTrueAndNextRuntimeLessThanEqual(java.time.LocalDateTime); Reason: Failed to create query for method public abstract java.util.List com.JobSchedulingNotification.JobSchedulingProject.repository.JobRepository.findByActiveTrueAndNextRuntimeLessThanEqual(java.time.LocalDateTime); No property 'nextRuntime' found for type 'Job'; Did you mean 'nextRunTime'
	at org.springframework.beans.factory.support.ConstructorResolver.createArgumentArray(ConstructorResolver.java:795)
	at org.springframework.beans.factory.support.ConstructorResolver.autowireConstructor(ConstructorResolver.java:237)
	at org.springframework.beans.factory.support.AbstractAutowireCapableBeanFactory.autowireConstructor(AbstractAutowireCapableBeanFactory.java:1355)
	at org.springframework.beans.factory.support.AbstractAutowireCapableBeanFactory.createBeanInstance(AbstractAutowireCapableBeanFactory.java:1192)
	at org.springframework.beans.factory.support.AbstractAutowireCapableBeanFactory.doCreateBean(AbstractAutowireCapableBeanFactory.java:562)
	at org.springframework.beans.factory.support.AbstractAutowireCapableBeanFactory.createBean(AbstractAutowireCapableBeanFactory.java:522)
	at org.springframework.beans.factory.support.AbstractBeanFactory.lambda$doGetBean$0(AbstractBeanFactory.java:326)
	at org.springframework.beans.factory.support.DefaultSingletonBeanRegistry.getSingleton(DefaultSingletonBeanRegistry.java:234)
	at org.springframework.beans.factory.support.AbstractBeanFactory.doGetBean(AbstractBeanFactory.java:324)
	at org.springframework.beans.factory.support.AbstractBeanFactory.getBean(AbstractBeanFactory.java:200)
	at org.springframework.beans.factory.config.DependencyDescriptor.resolveCandidate(DependencyDescriptor.java:254)
	at org.springframework.beans.factory.support.DefaultListableBeanFactory.doResolveDependency(DefaultListableBeanFactory.java:1443)
	at org.springframework.beans.factory.support.DefaultListableBeanFactory.resolveDependency(DefaultListableBeanFactory.java:1353)
	at org.springframework.beans.factory.support.ConstructorResolver.resolveAutowiredArgument(ConstructorResolver.java:904)
	at org.springframework.beans.factory.support.ConstructorResolver.createArgumentArray(ConstructorResolver.java:782)
	... 24 common frames omitted
Caused by: org.springframework.beans.factory.BeanCreationException: Error creating bean with name 'jobRepository' defined in com.JobSchedulingNotification.JobSchedulingProject.repository.JobRepository defined in @EnableJpaRepositories declared on JpaRepositoriesRegistrar.EnableJpaRepositoriesConfiguration: Could not create query for public abstract java.util.List com.JobSchedulingNotification.JobSchedulingProject.repository.JobRepository.findByActiveTrueAndNextRuntimeLessThanEqual(java.time.LocalDateTime); Reason: Failed to create query for method public abstract java.util.List com.JobSchedulingNotification.JobSchedulingProject.repository.JobRepository.findByActiveTrueAndNextRuntimeLessThanEqual(java.time.LocalDateTime); No property 'nextRuntime' found for type 'Job'; Did you mean 'nextRunTime'
	at org.springframework.beans.factory.support.AbstractAutowireCapableBeanFactory.initializeBean(AbstractAutowireCapableBeanFactory.java:1786)
	at org.springframework.beans.factory.support.AbstractAutowireCapableBeanFactory.doCreateBean(AbstractAutowireCapableBeanFactory.java:600)
	at org.springframework.beans.factory.support.AbstractAutowireCapableBeanFactory.createBean(AbstractAutowireCapableBeanFactory.java:522)
	at org.springframework.beans.factory.support.AbstractBeanFactory.lambda$doGetBean$0(AbstractBeanFactory.java:326)
	at org.springframework.beans.factory.support.DefaultSingletonBeanRegistry.getSingleton(DefaultSingletonBeanRegistry.java:234)
	at org.springframework.beans.factory.support.AbstractBeanFactory.doGetBean(AbstractBeanFactory.java:324)
	at org.springframework.beans.factory.support.AbstractBeanFactory.getBean(AbstractBeanFactory.java:200)
	at org.springframework.beans.factory.config.DependencyDescriptor.resolveCandidate(DependencyDescriptor.java:254)
	at org.springframework.beans.factory.support.DefaultListableBeanFactory.doResolveDependency(DefaultListableBeanFactory.java:1443)
	at org.springframework.beans.factory.support.DefaultListableBeanFactory.resolveDependency(DefaultListableBeanFactory.java:1353)
	at org.springframework.beans.factory.support.ConstructorResolver.resolveAutowiredArgument(ConstructorResolver.java:904)
	at org.springframework.beans.factory.support.ConstructorResolver.createArgumentArray(ConstructorResolver.java:782)
	... 38 common frames omitted
Caused by: org.springframework.data.repository.query.QueryCreationException: Could not create query for public abstract java.util.List com.JobSchedulingNotification.JobSchedulingProject.repository.JobRepository.findByActiveTrueAndNextRuntimeLessThanEqual(java.time.LocalDateTime); Reason: Failed to create query for method public abstract java.util.List com.JobSchedulingNotification.JobSchedulingProject.repository.JobRepository.findByActiveTrueAndNextRuntimeLessThanEqual(java.time.LocalDateTime); No property 'nextRuntime' found for type 'Job'; Did you mean 'nextRunTime'
	at org.springframework.data.repository.query.QueryCreationException.create(QueryCreationException.java:101)
	at org.springframework.data.repository.core.support.QueryExecutorMethodInterceptor.lookupQuery(QueryExecutorMethodInterceptor.java:115)
	at org.springframework.data.repository.core.support.QueryExecutorMethodInterceptor.mapMethodsToQuery(QueryExecutorMethodInterceptor.java:99)
	at org.springframework.data.repository.core.support.QueryExecutorMethodInterceptor.lambda$new$0(QueryExecutorMethodInterceptor.java:88)
	at java.base/java.util.Optional.map(Optional.java:260)
	at org.springframework.data.repository.core.support.QueryExecutorMethodInterceptor.<init>(QueryExecutorMethodInterceptor.java:88)
	at org.springframework.data.repository.core.support.RepositoryFactorySupport.getRepository(RepositoryFactorySupport.java:357)
	at org.springframework.data.repository.core.support.RepositoryFactoryBeanSupport.lambda$afterPropertiesSet$5(RepositoryFactoryBeanSupport.java:279)
	at org.springframework.data.util.Lazy.getNullable(Lazy.java:135)
	at org.springframework.data.util.Lazy.get(Lazy.java:113)
	at org.springframework.data.repository.core.support.RepositoryFactoryBeanSupport.afterPropertiesSet(RepositoryFactoryBeanSupport.java:285)
	at org.springframework.data.jpa.repository.support.JpaRepositoryFactoryBean.afterPropertiesSet(JpaRepositoryFactoryBean.java:132)
	at org.springframework.beans.factory.support.AbstractAutowireCapableBeanFactory.invokeInitMethods(AbstractAutowireCapableBeanFactory.java:1833)
	at org.springframework.beans.factory.support.AbstractAutowireCapableBeanFactory.initializeBean(AbstractAutowireCapableBeanFactory.java:1782)
	... 49 common frames omitted
Caused by: java.lang.IllegalArgumentException: Failed to create query for method public abstract java.util.List com.JobSchedulingNotification.JobSchedulingProject.repository.JobRepository.findByActiveTrueAndNextRuntimeLessThanEqual(java.time.LocalDateTime); No property 'nextRuntime' found for type 'Job'; Did you mean 'nextRunTime'
	at org.springframework.data.jpa.repository.query.PartTreeJpaQuery.<init>(PartTreeJpaQuery.java:106)
	at org.springframework.data.jpa.repository.query.JpaQueryLookupStrategy$CreateQueryLookupStrategy.resolveQuery(JpaQueryLookupStrategy.java:124)
	at org.springframework.data.jpa.repository.query.JpaQueryLookupStrategy$CreateIfNotFoundQueryLookupStrategy.resolveQuery(JpaQueryLookupStrategy.java:258)
	at org.springframework.data.jpa.repository.query.JpaQueryLookupStrategy$AbstractQueryLookupStrategy.resolveQuery(JpaQueryLookupStrategy.java:95)
	at org.springframework.data.repository.core.support.QueryExecutorMethodInterceptor.lookupQuery(QueryExecutorMethodInterceptor.java:111)
	... 61 common frames omitted
Caused by: org.springframework.data.mapping.PropertyReferenceException: No property 'nextRuntime' found for type 'Job'; Did you mean 'nextRunTime'
	at org.springframework.data.mapping.PropertyPath.<init>(PropertyPath.java:90)
	at org.springframework.data.mapping.PropertyPath.create(PropertyPath.java:443)
	at org.springframework.data.mapping.PropertyPath.create(PropertyPath.java:419)
	at org.springframework.data.mapping.PropertyPath.lambda$from$0(PropertyPath.java:372)
	at java.base/java.util.concurrent.ConcurrentMap.computeIfAbsent(ConcurrentMap.java:330)
	at org.springframework.data.mapping.PropertyPath.from(PropertyPath.java:354)
	at org.springframework.data.mapping.PropertyPath.from(PropertyPath.java:332)
	at org.springframework.data.repository.query.parser.Part.<init>(Part.java:81)
	at org.springframework.data.repository.query.parser.PartTree$OrPart.lambda$new$0(PartTree.java:259)
	at java.base/java.util.stream.ReferencePipeline$3$1.accept(ReferencePipeline.java:197)
	at java.base/java.util.stream.ReferencePipeline$2$1.accept(ReferencePipeline.java:179)
	at java.base/java.util.Spliterators$ArraySpliterator.forEachRemaining(Spliterators.java:992)
	at java.base/java.util.stream.AbstractPipeline.copyInto(AbstractPipeline.java:509)
	at java.base/java.util.stream.AbstractPipeline.wrapAndCopyInto(AbstractPipeline.java:499)
	at java.base/java.util.stream.ReduceOps$ReduceOp.evaluateSequential(ReduceOps.java:921)
	at java.base/java.util.stream.AbstractPipeline.evaluate(AbstractPipeline.java:234)
	at java.base/java.util.stream.ReferencePipeline.collect(ReferencePipeline.java:682)
	at org.springframework.data.repository.query.parser.PartTree$OrPart.<init>(PartTree.java:260)
	at org.springframework.data.repository.query.parser.PartTree$Predicate.lambda$new$0(PartTree.java:389)
	at java.base/java.util.stream.ReferencePipeline$3$1.accept(ReferencePipeline.java:197)
	at java.base/java.util.stream.ReferencePipeline$2$1.accept(ReferencePipeline.java:179)
	at java.base/java.util.Spliterators$ArraySpliterator.forEachRemaining(Spliterators.java:992)
	at java.base/java.util.stream.AbstractPipeline.copyInto(AbstractPipeline.java:509)
	at java.base/java.util.stream.AbstractPipeline.wrapAndCopyInto(AbstractPipeline.java:499)
	at java.base/java.util.stream.ReduceOps$ReduceOp.evaluateSequential(ReduceOps.java:921)
	at java.base/java.util.stream.AbstractPipeline.evaluate(AbstractPipeline.java:234)
	at java.base/java.util.stream.ReferencePipeline.collect(ReferencePipeline.java:682)
	at org.springframework.data.repository.query.parser.PartTree$Predicate.<init>(PartTree.java:390)
	at org.springframework.data.repository.query.parser.PartTree.<init>(PartTree.java:103)
	at org.springframework.data.jpa.repository.query.PartTreeJpaQuery.<init>(PartTreeJpaQuery.java:100)
	... 65 common frames omitted
2026-03-02 12:09:40 [background-preinit] INFO  o.h.validator.internal.util.Version [REQ:] - HV000001: Hibernate Validator 8.0.1.Final
2026-03-02 12:09:40 [restartedMain] INFO  c.J.J.JobSchedulingProjectApplication [REQ:] - Starting JobSchedulingProjectApplication using Java 17.0.12 with PID 30828 (C:\Users\pulkit.bohra.in\Desktop\JobSchedulingProject\JobSchedulingProject\target\classes started by pulkit.bohra.in in C:\Users\pulkit.bohra.in\Desktop\JobSchedulingProject)
2026-03-02 12:09:40 [restartedMain] INFO  c.J.J.JobSchedulingProjectApplication [REQ:] - No active profile set, falling back to 1 default profile: "default"
2026-03-02 12:09:42 [restartedMain] INFO  o.a.coyote.http11.Http11NioProtocol [REQ:] - Initializing ProtocolHandler ["http-nio-8080"]
2026-03-02 12:09:42 [restartedMain] INFO  o.a.catalina.core.StandardService [REQ:] - Starting service [Tomcat]
2026-03-02 12:09:42 [restartedMain] INFO  o.a.catalina.core.StandardEngine [REQ:] - Starting Servlet engine: [Apache Tomcat/10.1.20]
2026-03-02 12:09:42 [restartedMain] INFO  o.a.c.c.C.[Tomcat].[localhost].[/] [REQ:] - Initializing Spring embedded WebApplicationContext
2026-03-02 12:09:43 [restartedMain] INFO  o.h.jpa.internal.util.LogHelper [REQ:] - HHH000204: Processing PersistenceUnitInfo [name: default]
2026-03-02 12:09:43 [restartedMain] INFO  org.hibernate.Version [REQ:] - HHH000412: Hibernate ORM core version 6.4.4.Final
2026-03-02 12:09:43 [restartedMain] INFO  o.h.c.i.RegionFactoryInitiator [REQ:] - HHH000026: Second-level cache disabled
2026-03-02 12:09:43 [restartedMain] INFO  com.zaxxer.hikari.HikariDataSource [REQ:] - HikariPool-1 - Starting...
2026-03-02 12:09:43 [restartedMain] INFO  com.zaxxer.hikari.pool.HikariPool [REQ:] - HikariPool-1 - Added connection com.mysql.cj.jdbc.ConnectionImpl@547be435
2026-03-02 12:09:43 [restartedMain] INFO  com.zaxxer.hikari.HikariDataSource [REQ:] - HikariPool-1 - Start completed.
2026-03-02 12:09:44 [restartedMain] INFO  o.h.e.t.j.p.i.JtaPlatformInitiator [REQ:] - HHH000489: No JTA platform available (set 'hibernate.transaction.jta.platform' to enable JTA platform integration)
2026-03-02 12:09:46 [restartedMain] INFO  o.a.coyote.http11.Http11NioProtocol [REQ:] - Starting ProtocolHandler ["http-nio-8080"]
2026-03-02 12:09:46 [restartedMain] INFO  c.J.J.JobSchedulingProjectApplication [REQ:] - Started JobSchedulingProjectApplication in 5.705 seconds (process running for 6.321)
2026-03-02 12:11:34 [http-nio-8080-exec-2] INFO  o.a.c.c.C.[Tomcat].[localhost].[/] [REQ:] - Initializing Spring DispatcherServlet 'dispatcherServlet'
2026-03-02 12:13:21 [http-nio-8080-exec-6] INFO  c.J.J.controller.AuthController [REQ:ac9a15c5-25e1-4ad6-9e80-f5f3e8194dc1] - Login API called for email: admin@gmail.com
2026-03-02 12:13:22 [http-nio-8080-exec-6] INFO  c.J.J.controller.AuthController [REQ:ac9a15c5-25e1-4ad6-9e80-f5f3e8194dc1] - User login successful:email=admin@gmail.com, username=admin, userId=19886c55-dc5f-45ee-8072-9c536a527f90
2026-03-02 12:14:29 [http-nio-8080-exec-5] INFO  c.J.J.controller.AuthController [REQ:74ab9567-5ca2-4237-9dd5-c4cbe706229f] - Login API called for email: Pulkit@gmail.com
2026-03-02 12:14:29 [http-nio-8080-exec-5] INFO  c.J.J.controller.AuthController [REQ:74ab9567-5ca2-4237-9dd5-c4cbe706229f] - User login successful:email=Pulkit@gmail.com, username=Pulkit, userId=4e2cc0fc-18a5-43f0-8c1a-96489714087d
2026-03-02 12:15:36 [http-nio-8080-exec-1] INFO  c.J.J.controller.AuthController [REQ:78f65828-8f5f-4c89-a53e-726c96e8dd3e] - Register API called for email: manager@gmail.com
2026-03-02 12:15:36 [http-nio-8080-exec-1] INFO  c.J.J.controller.AuthController [REQ:78f65828-8f5f-4c89-a53e-726c96e8dd3e] - User registered successfully: email=manager@gmail.com, username=Manager, userId=8abdccda-f872-492c-8e93-39102f2130c2
2026-03-02 12:17:48 [http-nio-8080-exec-6] INFO  c.J.J.controller.UserController [REQ:acb273a0-af6e-4357-8fc6-b6b10f3d6dcb] - Role upgrade API called for userId=8abdccda-f872-492c-8e93-39102f2130c2, requestedRole=MANAGER
2026-03-02 12:26:55 [Thread-5] INFO  o.a.coyote.http11.Http11NioProtocol [REQ:] - Stopping ProtocolHandler ["http-nio-8080"]
2026-03-02 12:26:55 [Thread-5] INFO  com.zaxxer.hikari.HikariDataSource [REQ:] - HikariPool-1 - Shutdown initiated...
2026-03-02 12:26:55 [Thread-5] INFO  com.zaxxer.hikari.HikariDataSource [REQ:] - HikariPool-1 - Shutdown completed.
2026-03-02 12:26:55 [restartedMain] INFO  c.J.J.JobSchedulingProjectApplication [REQ:] - Starting JobSchedulingProjectApplication using Java 17.0.12 with PID 30828 (C:\Users\pulkit.bohra.in\Desktop\JobSchedulingProject\JobSchedulingProject\target\classes started by pulkit.bohra.in in C:\Users\pulkit.bohra.in\Desktop\JobSchedulingProject)
2026-03-02 12:26:55 [restartedMain] INFO  c.J.J.JobSchedulingProjectApplication [REQ:] - No active profile set, falling back to 1 default profile: "default"
2026-03-02 12:26:55 [restartedMain] ERROR o.s.boot.SpringApplication [REQ:] - Application run failed
java.lang.IllegalStateException: Unable to load cache item
	at org.springframework.cglib.core.internal.LoadingCache.createEntry(LoadingCache.java:75)
	at org.springframework.cglib.core.internal.LoadingCache.get(LoadingCache.java:34)
	at org.springframework.cglib.core.AbstractClassGenerator$ClassLoaderData.get(AbstractClassGenerator.java:130)
	at org.springframework.cglib.core.AbstractClassGenerator.create(AbstractClassGenerator.java:317)
	at org.springframework.cglib.proxy.Enhancer.createHelper(Enhancer.java:562)
	at org.springframework.cglib.proxy.Enhancer.createClass(Enhancer.java:407)
	at org.springframework.context.annotation.ConfigurationClassEnhancer.createClass(ConfigurationClassEnhancer.java:138)
	at org.springframework.context.annotation.ConfigurationClassEnhancer.enhance(ConfigurationClassEnhancer.java:109)
	at org.springframework.context.annotation.ConfigurationClassPostProcessor.enhanceConfigurationClasses(ConfigurationClassPostProcessor.java:533)
	at org.springframework.context.annotation.ConfigurationClassPostProcessor.postProcessBeanFactory(ConfigurationClassPostProcessor.java:310)
	at org.springframework.context.support.PostProcessorRegistrationDelegate.invokeBeanFactoryPostProcessors(PostProcessorRegistrationDelegate.java:363)
	at org.springframework.context.support.PostProcessorRegistrationDelegate.invokeBeanFactoryPostProcessors(PostProcessorRegistrationDelegate.java:153)
	at org.springframework.context.support.AbstractApplicationContext.invokeBeanFactoryPostProcessors(AbstractApplicationContext.java:788)
	at org.springframework.context.support.AbstractApplicationContext.refresh(AbstractApplicationContext.java:606)
	at org.springframework.boot.web.servlet.context.ServletWebServerApplicationContext.refresh(ServletWebServerApplicationContext.java:146)
	at org.springframework.boot.SpringApplication.refresh(SpringApplication.java:754)
	at org.springframework.boot.SpringApplication.refreshContext(SpringApplication.java:456)
	at org.springframework.boot.SpringApplication.run(SpringApplication.java:334)
	at org.springframework.boot.SpringApplication.run(SpringApplication.java:1354)
	at org.springframework.boot.SpringApplication.run(SpringApplication.java:1343)
	at com.JobSchedulingNotification.JobSchedulingProject.JobSchedulingProjectApplication.main(JobSchedulingProjectApplication.java:12)
	at java.base/jdk.internal.reflect.NativeMethodAccessorImpl.invoke0(Native Method)
	at java.base/jdk.internal.reflect.NativeMethodAccessorImpl.invoke(NativeMethodAccessorImpl.java:77)
	at java.base/jdk.internal.reflect.DelegatingMethodAccessorImpl.invoke(DelegatingMethodAccessorImpl.java:43)
	at java.base/java.lang.reflect.Method.invoke(Method.java:568)
	at org.springframework.boot.devtools.restart.RestartLauncher.run(RestartLauncher.java:50)
Caused by: java.lang.NoClassDefFoundError: com/JobSchedulingNotification/JobSchedulingProject/interceptor/RoleAuthorizationInterceptor
	at java.base/java.lang.Class.getDeclaredConstructors0(Native Method)
	at java.base/java.lang.Class.privateGetDeclaredConstructors(Class.java:3373)
	at java.base/java.lang.Class.getDeclaredConstructors(Class.java:2555)
	at org.springframework.cglib.proxy.Enhancer.generateClass(Enhancer.java:655)
	at org.springframework.cglib.transform.TransformingClassGenerator.generateClass(TransformingClassGenerator.java:35)
	at org.springframework.cglib.core.DefaultGeneratorStrategy.generate(DefaultGeneratorStrategy.java:26)
	at org.springframework.cglib.core.ClassLoaderAwareGeneratorStrategy.generate(ClassLoaderAwareGeneratorStrategy.java:57)
	at org.springframework.cglib.core.AbstractClassGenerator.generate(AbstractClassGenerator.java:366)
	at org.springframework.cglib.proxy.Enhancer.generate(Enhancer.java:575)
	at org.springframework.cglib.core.AbstractClassGenerator$ClassLoaderData.lambda$new$1(AbstractClassGenerator.java:107)
	at org.springframework.cglib.core.internal.LoadingCache.lambda$createEntry$1(LoadingCache.java:52)
	at java.base/java.util.concurrent.FutureTask.run(FutureTask.java:264)
	at org.springframework.cglib.core.internal.LoadingCache.createEntry(LoadingCache.java:57)
	... 25 common frames omitted
Caused by: java.lang.ClassNotFoundException: com.JobSchedulingNotification.JobSchedulingProject.interceptor.RoleAuthorizationInterceptor
	at java.base/jdk.internal.loader.BuiltinClassLoader.loadClass(BuiltinClassLoader.java:641)
	at java.base/jdk.internal.loader.ClassLoaders$AppClassLoader.loadClass(ClassLoaders.java:188)
	at java.base/java.lang.ClassLoader.loadClass(ClassLoader.java:525)
	at java.base/java.lang.Class.forName0(Native Method)
	at java.base/java.lang.Class.forName(Class.java:467)
	at org.springframework.boot.devtools.restart.classloader.RestartClassLoader.loadClass(RestartClassLoader.java:121)
	at java.base/java.lang.ClassLoader.loadClass(ClassLoader.java:525)
	... 38 common frames omitted
2026-03-02 12:26:57 [restartedMain] INFO  c.J.J.JobSchedulingProjectApplication [REQ:] - Starting JobSchedulingProjectApplication using Java 17.0.12 with PID 30828 (C:\Users\pulkit.bohra.in\Desktop\JobSchedulingProject\JobSchedulingProject\target\classes started by pulkit.bohra.in in C:\Users\pulkit.bohra.in\Desktop\JobSchedulingProject)
2026-03-02 12:26:57 [restartedMain] INFO  c.J.J.JobSchedulingProjectApplication [REQ:] - No active profile set, falling back to 1 default profile: "default"
2026-03-02 12:26:57 [restartedMain] INFO  o.a.coyote.http11.Http11NioProtocol [REQ:] - Initializing ProtocolHandler ["http-nio-8080"]
2026-03-02 12:26:58 [restartedMain] INFO  o.a.catalina.core.StandardService [REQ:] - Starting service [Tomcat]
2026-03-02 12:26:58 [restartedMain] INFO  o.a.catalina.core.StandardEngine [REQ:] - Starting Servlet engine: [Apache Tomcat/10.1.20]
2026-03-02 12:26:58 [restartedMain] INFO  o.a.c.c.C.[Tomcat].[localhost].[/] [REQ:] - Initializing Spring embedded WebApplicationContext
2026-03-02 12:26:58 [restartedMain] INFO  o.h.jpa.internal.util.LogHelper [REQ:] - HHH000204: Processing PersistenceUnitInfo [name: default]
2026-03-02 12:26:58 [restartedMain] INFO  o.h.c.i.RegionFactoryInitiator [REQ:] - HHH000026: Second-level cache disabled
2026-03-02 12:26:58 [restartedMain] INFO  com.zaxxer.hikari.HikariDataSource [REQ:] - HikariPool-2 - Starting...
2026-03-02 12:26:58 [restartedMain] INFO  com.zaxxer.hikari.pool.HikariPool [REQ:] - HikariPool-2 - Added connection com.mysql.cj.jdbc.ConnectionImpl@15b5fc4e
2026-03-02 12:26:58 [restartedMain] INFO  com.zaxxer.hikari.HikariDataSource [REQ:] - HikariPool-2 - Start completed.
2026-03-02 12:26:58 [restartedMain] INFO  o.h.e.t.j.p.i.JtaPlatformInitiator [REQ:] - HHH000489: No JTA platform available (set 'hibernate.transaction.jta.platform' to enable JTA platform integration)
2026-03-02 12:26:58 [restartedMain] INFO  o.a.coyote.http11.Http11NioProtocol [REQ:] - Starting ProtocolHandler ["http-nio-8080"]
2026-03-02 12:26:58 [restartedMain] INFO  c.J.J.JobSchedulingProjectApplication [REQ:] - Started JobSchedulingProjectApplication in 1.021 seconds (process running for 1038.619)
2026-03-02 12:27:26 [Thread-7] INFO  o.a.coyote.http11.Http11NioProtocol [REQ:] - Stopping ProtocolHandler ["http-nio-8080"]
2026-03-02 12:27:26 [Thread-7] INFO  com.zaxxer.hikari.HikariDataSource [REQ:] - HikariPool-2 - Shutdown initiated...
2026-03-02 12:27:26 [Thread-7] INFO  com.zaxxer.hikari.HikariDataSource [REQ:] - HikariPool-2 - Shutdown completed.
2026-03-02 12:27:26 [restartedMain] INFO  c.J.J.JobSchedulingProjectApplication [REQ:] - Starting JobSchedulingProjectApplication using Java 17.0.12 with PID 30828 (C:\Users\pulkit.bohra.in\Desktop\JobSchedulingProject\JobSchedulingProject\target\classes started by pulkit.bohra.in in C:\Users\pulkit.bohra.in\Desktop\JobSchedulingProject)
2026-03-02 12:27:26 [restartedMain] INFO  c.J.J.JobSchedulingProjectApplication [REQ:] - No active profile set, falling back to 1 default profile: "default"
2026-03-02 12:27:26 [restartedMain] INFO  o.a.coyote.http11.Http11NioProtocol [REQ:] - Initializing ProtocolHandler ["http-nio-8080"]
2026-03-02 12:27:26 [restartedMain] INFO  o.a.catalina.core.StandardService [REQ:] - Starting service [Tomcat]
2026-03-02 12:27:26 [restartedMain] INFO  o.a.catalina.core.StandardEngine [REQ:] - Starting Servlet engine: [Apache Tomcat/10.1.20]
2026-03-02 12:27:26 [restartedMain] INFO  o.a.c.c.C.[Tomcat].[localhost].[/] [REQ:] - Initializing Spring embedded WebApplicationContext
2026-03-02 12:27:26 [restartedMain] INFO  o.h.jpa.internal.util.LogHelper [REQ:] - HHH000204: Processing PersistenceUnitInfo [name: default]
2026-03-02 12:27:26 [restartedMain] INFO  o.h.c.i.RegionFactoryInitiator [REQ:] - HHH000026: Second-level cache disabled
2026-03-02 12:27:26 [restartedMain] INFO  com.zaxxer.hikari.HikariDataSource [REQ:] - HikariPool-3 - Starting...
2026-03-02 12:27:26 [restartedMain] INFO  com.zaxxer.hikari.pool.HikariPool [REQ:] - HikariPool-3 - Added connection com.mysql.cj.jdbc.ConnectionImpl@20b5b76e
2026-03-02 12:27:26 [restartedMain] INFO  com.zaxxer.hikari.HikariDataSource [REQ:] - HikariPool-3 - Start completed.
2026-03-02 12:27:26 [restartedMain] INFO  o.h.e.t.j.p.i.JtaPlatformInitiator [REQ:] - HHH000489: No JTA platform available (set 'hibernate.transaction.jta.platform' to enable JTA platform integration)
2026-03-02 12:27:26 [restartedMain] INFO  o.a.coyote.http11.Http11NioProtocol [REQ:] - Starting ProtocolHandler ["http-nio-8080"]
2026-03-02 12:27:27 [restartedMain] INFO  c.J.J.JobSchedulingProjectApplication [REQ:] - Started JobSchedulingProjectApplication in 0.766 seconds (process running for 1067.125)
2026-03-02 12:27:28 [Thread-14] INFO  o.a.coyote.http11.Http11NioProtocol [REQ:] - Stopping ProtocolHandler ["http-nio-8080"]
2026-03-02 12:27:28 [Thread-14] INFO  com.zaxxer.hikari.HikariDataSource [REQ:] - HikariPool-3 - Shutdown initiated...
2026-03-02 12:27:28 [Thread-14] INFO  com.zaxxer.hikari.HikariDataSource [REQ:] - HikariPool-3 - Shutdown completed.
2026-03-02 12:27:28 [restartedMain] INFO  c.J.J.JobSchedulingProjectApplication [REQ:] - Starting JobSchedulingProjectApplication using Java 17.0.12 with PID 30828 (C:\Users\pulkit.bohra.in\Desktop\JobSchedulingProject\JobSchedulingProject\target\classes started by pulkit.bohra.in in C:\Users\pulkit.bohra.in\Desktop\JobSchedulingProject)
2026-03-02 12:27:28 [restartedMain] INFO  c.J.J.JobSchedulingProjectApplication [REQ:] - No active profile set, falling back to 1 default profile: "default"
2026-03-02 12:27:28 [restartedMain] INFO  o.a.coyote.http11.Http11NioProtocol [REQ:] - Initializing ProtocolHandler ["http-nio-8080"]
2026-03-02 12:27:28 [restartedMain] INFO  o.a.catalina.core.StandardService [REQ:] - Starting service [Tomcat]
2026-03-02 12:27:28 [restartedMain] INFO  o.a.catalina.core.StandardEngine [REQ:] - Starting Servlet engine: [Apache Tomcat/10.1.20]
2026-03-02 12:27:28 [restartedMain] INFO  o.a.c.c.C.[Tomcat].[localhost].[/] [REQ:] - Initializing Spring embedded WebApplicationContext
2026-03-02 12:27:28 [restartedMain] INFO  o.h.jpa.internal.util.LogHelper [REQ:] - HHH000204: Processing PersistenceUnitInfo [name: default]
2026-03-02 12:27:28 [restartedMain] INFO  o.h.c.i.RegionFactoryInitiator [REQ:] - HHH000026: Second-level cache disabled
2026-03-02 12:27:28 [restartedMain] INFO  com.zaxxer.hikari.HikariDataSource [REQ:] - HikariPool-4 - Starting...
2026-03-02 12:27:29 [restartedMain] INFO  com.zaxxer.hikari.pool.HikariPool [REQ:] - HikariPool-4 - Added connection com.mysql.cj.jdbc.ConnectionImpl@1f228e2d
2026-03-02 12:27:29 [restartedMain] INFO  com.zaxxer.hikari.HikariDataSource [REQ:] - HikariPool-4 - Start completed.
2026-03-02 12:27:29 [restartedMain] INFO  o.h.e.t.j.p.i.JtaPlatformInitiator [REQ:] - HHH000489: No JTA platform available (set 'hibernate.transaction.jta.platform' to enable JTA platform integration)
2026-03-02 12:27:29 [restartedMain] INFO  o.a.coyote.http11.Http11NioProtocol [REQ:] - Starting ProtocolHandler ["http-nio-8080"]
2026-03-02 12:27:29 [restartedMain] INFO  c.J.J.JobSchedulingProjectApplication [REQ:] - Started JobSchedulingProjectApplication in 0.794 seconds (process running for 1069.426)
2026-03-02 12:27:33 [http-nio-8080-exec-2] INFO  o.a.c.c.C.[Tomcat].[localhost].[/] [REQ:] - Initializing Spring DispatcherServlet 'dispatcherServlet'
2026-03-02 12:27:33 [http-nio-8080-exec-2] WARN  o.h.e.jdbc.spi.SqlExceptionHelper [REQ:35681b2d-3601-4c3b-9568-b127e8a192c7] - SQL Error: 1364, SQLState: HY000
2026-03-02 12:27:33 [http-nio-8080-exec-2] ERROR o.h.e.jdbc.spi.SqlExceptionHelper [REQ:35681b2d-3601-4c3b-9568-b127e8a192c7] - Field 'id' doesn't have a default value
2026-03-02 12:28:31 [Thread-18] INFO  o.a.coyote.http11.Http11NioProtocol [REQ:] - Stopping ProtocolHandler ["http-nio-8080"]
2026-03-02 12:28:31 [Thread-18] INFO  com.zaxxer.hikari.HikariDataSource [REQ:] - HikariPool-4 - Shutdown initiated...
2026-03-02 12:28:31 [Thread-18] INFO  com.zaxxer.hikari.HikariDataSource [REQ:] - HikariPool-4 - Shutdown completed.
2026-03-02 12:28:32 [restartedMain] INFO  c.J.J.JobSchedulingProjectApplication [REQ:] - Starting JobSchedulingProjectApplication using Java 17.0.12 with PID 30828 (C:\Users\pulkit.bohra.in\Desktop\JobSchedulingProject\JobSchedulingProject\target\classes started by pulkit.bohra.in in C:\Users\pulkit.bohra.in\Desktop\JobSchedulingProject)
2026-03-02 12:28:32 [restartedMain] INFO  c.J.J.JobSchedulingProjectApplication [REQ:] - No active profile set, falling back to 1 default profile: "default"
2026-03-02 12:28:32 [restartedMain] INFO  o.a.coyote.http11.Http11NioProtocol [REQ:] - Initializing ProtocolHandler ["http-nio-8080"]
2026-03-02 12:28:32 [restartedMain] INFO  o.a.catalina.core.StandardService [REQ:] - Starting service [Tomcat]
2026-03-02 12:28:32 [restartedMain] INFO  o.a.catalina.core.StandardEngine [REQ:] - Starting Servlet engine: [Apache Tomcat/10.1.20]
2026-03-02 12:28:33 [restartedMain] INFO  o.a.c.c.C.[Tomcat].[localhost].[/] [REQ:] - Initializing Spring embedded WebApplicationContext
2026-03-02 12:28:33 [restartedMain] INFO  o.h.jpa.internal.util.LogHelper [REQ:] - HHH000204: Processing PersistenceUnitInfo [name: default]
2026-03-02 12:28:33 [restartedMain] INFO  o.h.c.i.RegionFactoryInitiator [REQ:] - HHH000026: Second-level cache disabled
2026-03-02 12:28:33 [restartedMain] INFO  com.zaxxer.hikari.HikariDataSource [REQ:] - HikariPool-5 - Starting...
2026-03-02 12:28:33 [restartedMain] INFO  com.zaxxer.hikari.pool.HikariPool [REQ:] - HikariPool-5 - Added connection com.mysql.cj.jdbc.ConnectionImpl@520c6dc0
2026-03-02 12:28:33 [restartedMain] INFO  com.zaxxer.hikari.HikariDataSource [REQ:] - HikariPool-5 - Start completed.
2026-03-02 12:28:33 [restartedMain] INFO  o.h.e.t.j.p.i.JtaPlatformInitiator [REQ:] - HHH000489: No JTA platform available (set 'hibernate.transaction.jta.platform' to enable JTA platform integration)
2026-03-02 12:28:33 [restartedMain] INFO  o.a.coyote.http11.Http11NioProtocol [REQ:] - Starting ProtocolHandler ["http-nio-8080"]
2026-03-02 12:28:33 [restartedMain] INFO  c.J.J.JobSchedulingProjectApplication [REQ:] - Started JobSchedulingProjectApplication in 1.648 seconds (process running for 1133.804)
2026-03-02 12:28:36 [Thread-22] INFO  o.a.coyote.http11.Http11NioProtocol [REQ:] - Stopping ProtocolHandler ["http-nio-8080"]
2026-03-02 12:28:36 [Thread-22] INFO  com.zaxxer.hikari.HikariDataSource [REQ:] - HikariPool-5 - Shutdown initiated...
2026-03-02 12:28:36 [Thread-22] INFO  com.zaxxer.hikari.HikariDataSource [REQ:] - HikariPool-5 - Shutdown completed.
2026-03-02 12:28:36 [restartedMain] INFO  c.J.J.JobSchedulingProjectApplication [REQ:] - Starting JobSchedulingProjectApplication using Java 17.0.12 with PID 30828 (C:\Users\pulkit.bohra.in\Desktop\JobSchedulingProject\JobSchedulingProject\target\classes started by pulkit.bohra.in in C:\Users\pulkit.bohra.in\Desktop\JobSchedulingProject)
2026-03-02 12:28:36 [restartedMain] INFO  c.J.J.JobSchedulingProjectApplication [REQ:] - No active profile set, falling back to 1 default profile: "default"
2026-03-02 12:28:37 [restartedMain] INFO  o.a.coyote.http11.Http11NioProtocol [REQ:] - Initializing ProtocolHandler ["http-nio-8080"]
2026-03-02 12:28:37 [restartedMain] INFO  o.a.catalina.core.StandardService [REQ:] - Starting service [Tomcat]
2026-03-02 12:28:37 [restartedMain] INFO  o.a.catalina.core.StandardEngine [REQ:] - Starting Servlet engine: [Apache Tomcat/10.1.20]
2026-03-02 12:28:37 [restartedMain] INFO  o.a.c.c.C.[Tomcat].[localhost].[/] [REQ:] - Initializing Spring embedded WebApplicationContext
2026-03-02 12:28:37 [restartedMain] INFO  o.h.jpa.internal.util.LogHelper [REQ:] - HHH000204: Processing PersistenceUnitInfo [name: default]
2026-03-02 12:28:37 [restartedMain] INFO  o.h.c.i.RegionFactoryInitiator [REQ:] - HHH000026: Second-level cache disabled
2026-03-02 12:28:37 [restartedMain] INFO  com.zaxxer.hikari.HikariDataSource [REQ:] - HikariPool-6 - Starting...
2026-03-02 12:28:37 [restartedMain] INFO  com.zaxxer.hikari.pool.HikariPool [REQ:] - HikariPool-6 - Added connection com.mysql.cj.jdbc.ConnectionImpl@1a7d2365
2026-03-02 12:28:37 [restartedMain] INFO  com.zaxxer.hikari.HikariDataSource [REQ:] - HikariPool-6 - Start completed.
2026-03-02 12:28:37 [restartedMain] INFO  o.h.e.t.j.p.i.JtaPlatformInitiator [REQ:] - HHH000489: No JTA platform available (set 'hibernate.transaction.jta.platform' to enable JTA platform integration)
2026-03-02 12:28:37 [restartedMain] INFO  o.a.coyote.http11.Http11NioProtocol [REQ:] - Starting ProtocolHandler ["http-nio-8080"]
2026-03-02 12:28:37 [restartedMain] INFO  c.J.J.JobSchedulingProjectApplication [REQ:] - Started JobSchedulingProjectApplication in 1.368 seconds (process running for 1137.78)
2026-03-02 12:30:54 [SpringApplicationShutdownHook] INFO  com.zaxxer.hikari.HikariDataSource [REQ:] - HikariPool-6 - Shutdown initiated...
2026-03-02 12:30:54 [SpringApplicationShutdownHook] INFO  com.zaxxer.hikari.HikariDataSource [REQ:] - HikariPool-6 - Shutdown completed.
2026-03-02 12:33:53 [background-preinit] INFO  o.h.validator.internal.util.Version [REQ:] - HV000001: Hibernate Validator 8.0.1.Final
2026-03-02 12:33:53 [restartedMain] INFO  c.J.J.JobSchedulingProjectApplication [REQ:] - Starting JobSchedulingProjectApplication using Java 17.0.12 with PID 19240 (C:\Users\pulkit.bohra.in\Desktop\JobSchedulingProject\JobSchedulingProject\target\classes started by pulkit.bohra.in in C:\Users\pulkit.bohra.in\Desktop\JobSchedulingProject)
2026-03-02 12:33:53 [restartedMain] INFO  c.J.J.JobSchedulingProjectApplication [REQ:] - No active profile set, falling back to 1 default profile: "default"
2026-03-02 12:33:55 [restartedMain] INFO  o.a.coyote.http11.Http11NioProtocol [REQ:] - Initializing ProtocolHandler ["http-nio-8080"]
2026-03-02 12:33:55 [restartedMain] INFO  o.a.catalina.core.StandardService [REQ:] - Starting service [Tomcat]
2026-03-02 12:33:55 [restartedMain] INFO  o.a.catalina.core.StandardEngine [REQ:] - Starting Servlet engine: [Apache Tomcat/10.1.20]
2026-03-02 12:33:55 [restartedMain] INFO  o.a.c.c.C.[Tomcat].[localhost].[/] [REQ:] - Initializing Spring embedded WebApplicationContext
2026-03-02 12:33:55 [restartedMain] INFO  o.h.jpa.internal.util.LogHelper [REQ:] - HHH000204: Processing PersistenceUnitInfo [name: default]
2026-03-02 12:33:56 [restartedMain] INFO  org.hibernate.Version [REQ:] - HHH000412: Hibernate ORM core version 6.4.4.Final
2026-03-02 12:33:56 [restartedMain] INFO  o.h.c.i.RegionFactoryInitiator [REQ:] - HHH000026: Second-level cache disabled
2026-03-02 12:33:56 [restartedMain] INFO  com.zaxxer.hikari.HikariDataSource [REQ:] - HikariPool-1 - Starting...
2026-03-02 12:33:56 [restartedMain] INFO  com.zaxxer.hikari.pool.HikariPool [REQ:] - HikariPool-1 - Added connection com.mysql.cj.jdbc.ConnectionImpl@77848472
2026-03-02 12:33:56 [restartedMain] INFO  com.zaxxer.hikari.HikariDataSource [REQ:] - HikariPool-1 - Start completed.
2026-03-02 12:33:57 [restartedMain] INFO  o.h.e.t.j.p.i.JtaPlatformInitiator [REQ:] - HHH000489: No JTA platform available (set 'hibernate.transaction.jta.platform' to enable JTA platform integration)
2026-03-02 12:33:59 [restartedMain] INFO  o.a.coyote.http11.Http11NioProtocol [REQ:] - Starting ProtocolHandler ["http-nio-8080"]
2026-03-02 12:33:59 [restartedMain] INFO  c.J.J.JobSchedulingProjectApplication [REQ:] - Started JobSchedulingProjectApplication in 6.095 seconds (process running for 6.712)
2026-03-02 12:34:02 [http-nio-8080-exec-4] INFO  o.a.c.c.C.[Tomcat].[localhost].[/] [REQ:] - Initializing Spring DispatcherServlet 'dispatcherServlet'
2026-03-02 12:51:00 [scheduling-1] INFO  c.J.J.service.JobScanner [REQ:] - Job 3 executed
2026-03-02 12:54:15 [SpringApplicationShutdownHook] INFO  com.zaxxer.hikari.HikariDataSource [REQ:] - HikariPool-1 - Shutdown initiated...
2026-03-02 12:54:15 [SpringApplicationShutdownHook] INFO  com.zaxxer.hikari.HikariDataSource [REQ:] - HikariPool-1 - Shutdown completed.
